<?xml version="1.0" encoding="UTF-8"?>
<!-- Generated by org.testng.reporters.JUnitXMLReporter -->
<testsuite ignored="49" hostname="Divit-PC" failures="0" tests="73" name="Test" time="191.078" errors="0" timestamp="2023-05-19T15:48:40 IST">
  <testcase classname="pom.pageFactory.testRunner.RegistrationTest_POM" name="OpenHomeURL" time="4.308"/>
  <testcase classname="pom.pageFactory.testRunner.RegistrationTest_POM" name="LoadAppHome" time="1.84"/>
  <testcase classname="pom.pageFactory.testRunner.RegistrationTest_POM" name="ClickGetStarted" time="1.318"/>
  <testcase classname="pom.pageFactory.testRunner.RegistrationTest_POM" name="ClickRegisterLink" time="0.667"/>
  <testcase classname="pom.pageFactory.testRunner.RegistrationTest_POM" name="registerUserNegativeTest" time="1.159"/>
  <testcase classname="pom.pageFactory.testRunner.RegistrationTest_POM" name="registerUserPositiveTest" time="1.237"/>
  <testcase classname="pom.pageFactory.testRunner.RegistrationTest_POM" name="ClickSignOutLink" time="0.76"/>
  <testcase classname="pom.pageFactory.testRunner.LoginTest_POM" name="OpenHomeURL" time="0.008"/>
  <testcase classname="pom.pageFactory.testRunner.LoginTest_POM" name="ClickSignInLink" time="0.538"/>
  <testcase classname="pom.pageFactory.testRunner.LoginTest_POM" name="LoginNegativeTest" time="0.819"/>
  <testcase classname="pom.pageFactory.testRunner.LoginTest_POM" name="UserPositiveTest" time="1.102"/>
  <testcase classname="pom.pageFactory.testRunner.DataStructureTest_POM" name="OpenHomeURL" time="0.005"/>
  <testcase classname="pom.pageFactory.testRunner.DataStructureTest_POM" name="ClickDSLinkOnHomePage" time="0.846"/>
  <testcase classname="pom.pageFactory.testRunner.DataStructureTest_POM" name="DataStructureSmokeTest_TimeComplexity" time="16.008"/>
  <testcase classname="pom.pageFactory.testRunner.DataStructureTest_POM" name="DataStructureSmokeTest_PracticeQuestion" time="1.706"/>
  <testcase classname="pom.pageFactory.testRunner.DataStructureTest_POM" name="DataStructureSmokeTest_Dropdown" time="2.924"/>
  <testcase classname="pom.pageFactory.testRunner.ArrayTest_POM" name="OpenHomeURL" time="0.008"/>
  <testcase classname="pom.pageFactory.testRunner.ArrayTest_POM" name="ArrayPage_WrongInput" time="6.178"/>
  <testcase classname="pom.pageFactory.testRunner.ArrayTest_POM" name="ArrayPage_ArraysInPython" time="0.534"/>
  <testcase classname="pom.pageFactory.testRunner.ArrayTest_POM" name="ArrayPage_ArraysUsingList" time="3.031"/>
  <testcase classname="pom.pageFactory.testRunner.ArrayTest_POM" name="ArrayPage_BasicOperations" time="2.959"/>
  <testcase classname="pom.pageFactory.testRunner.ArrayTest_POM" name="ArrayPage_ApplicationsOfArrays" time="4.6"/>
  <testcase classname="pom.pageFactory.testRunner.ArrayTest_POM" name="ArrayPage_PracticeQuestionsLink" time="0.704"/>
  <testcase classname="pom.pageFactory.testRunner.ArrayTest_POM" name="ArrayPage_PracticeQuestion1" time="1.465"/>
  <testcase classname="pom.pageFactory.testRunner.ArrayTest_POM" name="ArrayPage_PracticeQuestion2" time="1.236"/>
  <testcase classname="pom.pageFactory.testRunner.ArrayTest_POM" name="ArrayPage_PracticeQuestion3" time="1.312"/>
  <testcase classname="pom.pageFactory.testRunner.ArrayTest_POM" name="ArrayPage_PracticeQuestion4" time="1.251"/>
  <testcase classname="pom.pageFactory.testRunner.ArrayTest_POM" name="ArrayPage_DropDown_LL" time="1.24"/>
  <testcase classname="pom.pageFactory.testRunner.LinkedListTest_POM" name="OpenHomeURL" time="0.005"/>
  <testcase classname="pom.pageFactory.testRunner.LinkedListTest_POM" name="introduction" time="2.307"/>
  <testcase classname="pom.pageFactory.testRunner.LinkedListTest_POM" name="create_LinkedList" time="2.092"/>
  <testcase classname="pom.pageFactory.testRunner.LinkedListTest_POM" name="typeOfLinkedList" time="3.923"/>
  <testcase classname="pom.pageFactory.testRunner.LinkedListTest_POM" name="implementLLInPython" time="7.742"/>
  <testcase classname="pom.pageFactory.testRunner.LinkedListTest_POM" name="traversal" time="2.138"/>
  <testcase classname="pom.pageFactory.testRunner.LinkedListTest_POM" name="deletion" time="2.288"/>
  <testcase classname="pom.pageFactory.testRunner.LinkedListTest_POM" name="insertion" time="9.134"/>
  <testcase classname="pom.pageFactory.testRunner.LinkedListTest_POM" name="LinkedList_PracticeQuestionsLink" time="0.601"/>
  <testcase classname="pom.pageFactory.testRunner.LinkedListTest_POM" name="LinkedList_DropDown_LL" time="0.773"/>
  <testcase classname="pom.pageFactory.testRunner.StackTest_POM" name="OpenHomeURL" time="0.011"/>
  <testcase classname="pom.pageFactory.testRunner.StackTest_POM" name="operations_in_stack" time="3.927"/>
  <testcase classname="pom.pageFactory.testRunner.StackTest_POM" name="implementation_stack" time="1.893"/>
  <testcase classname="pom.pageFactory.testRunner.StackTest_POM" name="application_stack" time="1.842"/>
  <testcase classname="pom.pageFactory.testRunner.StackTest_POM" name="stack_PracticeQuestionsLink" time="0.575"/>
  <testcase classname="pom.pageFactory.testRunner.StackTest_POM" name="stack_DropDown" time="0.909"/>
  <testcase classname="pom.pageFactory.testRunner.QueueTest_POM" name="OpenHomeURL" time="0.005"/>
  <testcase classname="pom.pageFactory.testRunner.QueueTest_POM" name="clickImplementationQueue" time="2.419"/>
  <testcase classname="pom.pageFactory.testRunner.QueueTest_POM" name="clickImplementationCollections" time="2.087"/>
  <testcase classname="pom.pageFactory.testRunner.QueueTest_POM" name="clickImplementationArray" time="2.012"/>
  <testcase classname="pom.pageFactory.testRunner.QueueTest_POM" name="clickQueueOperations" time="1.902"/>
  <testcase classname="pom.pageFactory.testRunner.QueueTest_POM" name="queue_PracticeQuestionsLink" time="0.529"/>
  <testcase classname="pom.pageFactory.testRunner.QueueTest_POM" name="queue_Dropdown" time="1.171"/>
  <testcase classname="pom.pageFactory.testRunner.TreeTest_POM" name="OpenHomeURL" time="0.009"/>
  <testcase classname="pom.pageFactory.testRunner.TreeTest_POM" name="click_OverviewOfTrees" time="2.252"/>
  <testcase classname="pom.pageFactory.testRunner.TreeTest_POM" name="click_Terminolgies" time="2.257"/>
  <testcase classname="pom.pageFactory.testRunner.TreeTest_POM" name="click_TypesOfTrees" time="11.629"/>
  <testcase classname="pom.pageFactory.testRunner.TreeTest_POM" name="click_TreeTraversals" time="3.287"/>
  <testcase classname="pom.pageFactory.testRunner.TreeTest_POM" name="click_TraversalIllustration" time="11.157"/>
  <testcase classname="pom.pageFactory.testRunner.TreeTest_POM" name="click_TypesOfBinaryTrees" time="4.987"/>
  <testcase classname="pom.pageFactory.testRunner.TreeTest_POM" name="click_ImpInPython" time="2.312"/>
  <testcase classname="pom.pageFactory.testRunner.TreeTest_POM" name="click_BinaryTreeTravesals" time="2.67"/>
  <testcase classname="pom.pageFactory.testRunner.TreeTest_POM" name="click_ImpOfBinaryTrees" time="5.151"/>
  <testcase classname="pom.pageFactory.testRunner.TreeTest_POM" name="click_AppOfBinaryTrees" time="2.456"/>
  <testcase classname="pom.pageFactory.testRunner.TreeTest_POM" name="click_BinarySearchTrees" time="4.901"/>
  <testcase classname="pom.pageFactory.testRunner.TreeTest_POM" name="click_ImpOfBST" time="10.119"/>
  <testcase classname="pom.pageFactory.testRunner.TreeTest_POM" name="tree_PracticeQuestionsLink" time="0.686"/>
  <testcase classname="pom.pageFactory.testRunner.TreeTest_POM" name="tree_Dropdown" time="2.531"/>
  <testcase classname="pom.pageFactory.testRunner.GraphTest_POM" name="instantiateDriver" time="0.011"/>
  <testcase classname="pom.pageFactory.testRunner.GraphTest_POM" name="click_graphLink_wrongText" time="3.872"/>
  <testcase classname="pom.pageFactory.testRunner.GraphTest_POM" name="click_graph_link" time="2.0"/>
  <testcase classname="pom.pageFactory.testRunner.GraphTest_POM" name="click_graph_representation" time="4.193"/>
  <testcase classname="pom.pageFactory.testRunner.GraphTest_POM" name="click_graph_practice_questions" time="0.528"/>
  <testcase classname="pom.pageFactory.testRunner.GraphTest_POM" name="graphPage_ClickSignOut" time="0.802"/>
  <testcase classname="pom.pageFactory.testRunner.GraphTest_POM" name="closeDriver" time="2.199"/>
  <testcase classname="pom.pageFactory.testRunner.DataStructureTest_POM" name="LoginUser" time="0.0">
    <ignored/>
  </testcase> <!-- LoginUser -->
  <testcase classname="pom.pageFactory.testRunner.TreeTest_POM" name="Login_User" time="0.0">
    <ignored/>
  </testcase> <!-- Login_User -->
  <testcase classname="pom.pageFactory.testRunner.LinkedListTest_POM" name="closeDriver" time="0.0">
    <ignored/>
  </testcase> <!-- closeDriver -->
  <testcase classname="pom.pageFactory.testRunner.StackTest_POM" name="ClickSignInLink" time="0.0">
    <ignored/>
  </testcase> <!-- ClickSignInLink -->
  <testcase classname="pom.pageFactory.testRunner.StackTest_POM" name="LoginUser" time="0.0">
    <ignored/>
  </testcase> <!-- LoginUser -->
  <testcase classname="pom.pageFactory.testRunner.QueueTest_POM" name="ClickQueueOnHomePage" time="0.0">
    <ignored/>
  </testcase> <!-- ClickQueueOnHomePage -->
  <testcase classname="pom.pageFactory.testRunner.TreeTest_POM" name="closeDriver" time="0.0">
    <ignored/>
  </testcase> <!-- closeDriver -->
  <testcase classname="pom.pageFactory.testRunner.GraphTest_POM" name="Click_GetStarted" time="0.0">
    <ignored/>
  </testcase> <!-- Click_GetStarted -->
  <testcase classname="pom.pageFactory.testRunner.LinkedListTest_POM" name="ClickSignInLink" time="0.0">
    <ignored/>
  </testcase> <!-- ClickSignInLink -->
  <testcase classname="pom.pageFactory.testRunner.ArrayTest_POM" name="closeDriver" time="0.0">
    <ignored/>
  </testcase> <!-- closeDriver -->
  <testcase classname="pom.pageFactory.testRunner.LinkedListTest_POM" name="LoginUser" time="0.0">
    <ignored/>
  </testcase> <!-- LoginUser -->
  <testcase classname="pom.pageFactory.testRunner.LinkedListTest_POM" name="LinkedListPage_ClickSignOut" time="0.0">
    <ignored/>
  </testcase> <!-- LinkedListPage_ClickSignOut -->
  <testcase classname="pom.pageFactory.testRunner.TreeTest_POM" name="Click_SignInLink" time="0.0">
    <ignored/>
  </testcase> <!-- Click_SignInLink -->
  <testcase classname="pom.pageFactory.testRunner.StackTest_POM" name="closeDriver" time="0.0">
    <ignored/>
  </testcase> <!-- closeDriver -->
  <testcase classname="pom.pageFactory.testRunner.DataStructureTest_POM" name="LoadAppHome" time="0.0">
    <ignored/>
  </testcase> <!-- LoadAppHome -->
  <testcase classname="pom.pageFactory.testRunner.ArrayTest_POM" name="ClickArrayLinkOnHomePage" time="0.0">
    <ignored/>
  </testcase> <!-- ClickArrayLinkOnHomePage -->
  <testcase classname="pom.pageFactory.testRunner.GraphTest_POM" name="LoadAppHome" time="0.0">
    <ignored/>
  </testcase> <!-- LoadAppHome -->
  <testcase classname="pom.pageFactory.testRunner.LinkedListTest_POM" name="LoadAppHome" time="0.0">
    <ignored/>
  </testcase> <!-- LoadAppHome -->
  <testcase classname="pom.pageFactory.testRunner.QueueTest_POM" name="ClickSignInLink" time="0.0">
    <ignored/>
  </testcase> <!-- ClickSignInLink -->
  <testcase classname="pom.pageFactory.testRunner.QueueTest_POM" name="LoginUser" time="0.0">
    <ignored/>
  </testcase> <!-- LoginUser -->
  <testcase classname="pom.pageFactory.testRunner.DataStructureTest_POM" name="ClickGetStarted" time="0.0">
    <ignored/>
  </testcase> <!-- ClickGetStarted -->
  <testcase classname="pom.pageFactory.testRunner.TreeTest_POM" name="Click_TreeOnHomePage" time="0.0">
    <ignored/>
  </testcase> <!-- Click_TreeOnHomePage -->
  <testcase classname="pom.pageFactory.testRunner.QueueTest_POM" name="stackPage_ClickSignOut" time="0.0">
    <ignored/>
  </testcase> <!-- stackPage_ClickSignOut -->
  <testcase classname="pom.pageFactory.testRunner.TreeTest_POM" name="LoadAppHome" time="0.0">
    <ignored/>
  </testcase> <!-- LoadAppHome -->
  <testcase classname="pom.pageFactory.testRunner.LoginTest_POM" name="ClickGetStarted" time="0.0">
    <ignored/>
  </testcase> <!-- ClickGetStarted -->
  <testcase classname="pom.pageFactory.testRunner.DataStructureTest_POM" name="closeDriver" time="0.0">
    <ignored/>
  </testcase> <!-- closeDriver -->
  <testcase classname="pom.pageFactory.testRunner.ArrayTest_POM" name="LoadAppHome" time="0.0">
    <ignored/>
  </testcase> <!-- LoadAppHome -->
  <testcase classname="pom.pageFactory.testRunner.TreeTest_POM" name="treePage_ClickSignOut" time="0.0">
    <ignored/>
  </testcase> <!-- treePage_ClickSignOut -->
  <testcase classname="pom.pageFactory.testRunner.ArrayTest_POM" name="LoginUser" time="0.0">
    <ignored/>
  </testcase> <!-- LoginUser -->
  <testcase classname="pom.pageFactory.testRunner.GraphTest_POM" name="Login_User" time="0.0">
    <ignored/>
  </testcase> <!-- Login_User -->
  <testcase classname="pom.pageFactory.testRunner.ArrayTest_POM" name="arrayPageSmokeTest_ClickSignOut" time="0.0">
    <ignored/>
  </testcase> <!-- arrayPageSmokeTest_ClickSignOut -->
  <testcase classname="pom.pageFactory.testRunner.LinkedListTest_POM" name="ClickGetStarted" time="0.0">
    <ignored/>
  </testcase> <!-- ClickGetStarted -->
  <testcase classname="pom.pageFactory.testRunner.QueueTest_POM" name="closeDriver" time="0.0">
    <ignored/>
  </testcase> <!-- closeDriver -->
  <testcase classname="pom.pageFactory.testRunner.DataStructureTest_POM" name="DataStructureSmokeTest_ClickSignOut" time="0.0">
    <ignored/>
  </testcase> <!-- DataStructureSmokeTest_ClickSignOut -->
  <testcase classname="pom.pageFactory.testRunner.ArrayTest_POM" name="ClickSignInLink" time="0.0">
    <ignored/>
  </testcase> <!-- ClickSignInLink -->
  <testcase classname="pom.pageFactory.testRunner.QueueTest_POM" name="LoadAppHome" time="0.0">
    <ignored/>
  </testcase> <!-- LoadAppHome -->
  <testcase classname="pom.pageFactory.testRunner.RegistrationTest_POM" name="closeDriver" time="0.0">
    <ignored/>
  </testcase> <!-- closeDriver -->
  <testcase classname="pom.pageFactory.testRunner.GraphTest_POM" name="Click_GraphOnHomePage" time="0.0">
    <ignored/>
  </testcase> <!-- Click_GraphOnHomePage -->
  <testcase classname="pom.pageFactory.testRunner.GraphTest_POM" name="Click_SignInLink" time="0.0">
    <ignored/>
  </testcase> <!-- Click_SignInLink -->
  <testcase classname="pom.pageFactory.testRunner.LinkedListTest_POM" name="ClickLinkedListLinkOnHomePage" time="0.0">
    <ignored/>
  </testcase> <!-- ClickLinkedListLinkOnHomePage -->
  <testcase classname="pom.pageFactory.testRunner.StackTest_POM" name="LoadAppHome" time="0.0">
    <ignored/>
  </testcase> <!-- LoadAppHome -->
  <testcase classname="pom.pageFactory.testRunner.TreeTest_POM" name="Click_GetStarted" time="0.0">
    <ignored/>
  </testcase> <!-- Click_GetStarted -->
  <testcase classname="pom.pageFactory.testRunner.StackTest_POM" name="stackPage_ClickSignOut" time="0.0">
    <ignored/>
  </testcase> <!-- stackPage_ClickSignOut -->
  <testcase classname="pom.pageFactory.testRunner.QueueTest_POM" name="ClickGetStarted" time="0.0">
    <ignored/>
  </testcase> <!-- ClickGetStarted -->
  <testcase classname="pom.pageFactory.testRunner.StackTest_POM" name="ClickGetStarted" time="0.0">
    <ignored/>
  </testcase> <!-- ClickGetStarted -->
  <testcase classname="pom.pageFactory.testRunner.LoginTest_POM" name="LoadAppHome" time="0.0">
    <ignored/>
  </testcase> <!-- LoadAppHome -->
  <testcase classname="pom.pageFactory.testRunner.ArrayTest_POM" name="ClickGetStarted" time="0.0">
    <ignored/>
  </testcase> <!-- ClickGetStarted -->
  <testcase classname="pom.pageFactory.testRunner.DataStructureTest_POM" name="ClickSignInLink" time="0.0">
    <ignored/>
  </testcase> <!-- ClickSignInLink -->
  <testcase classname="pom.pageFactory.testRunner.StackTest_POM" name="ClickStackOnHomePage" time="0.0">
    <ignored/>
  </testcase> <!-- ClickStackOnHomePage -->
</testsuite> <!-- Test -->
