<?xml version="1.0" encoding="UTF-8"?>
<!-- Generated by org.testng.reporters.JUnitXMLReporter -->
<testsuite ignored="1" hostname="Compatible" failures="0" tests="3" name="Test" time="7.735" errors="0" timestamp="2023-04-20T23:44:45 CDT">
  <testcase classname="dsalgoproject.RegistrationTestSuite" name="clickGetStarted" time="3.149"/>
  <testcase classname="dsalgoproject.RegistrationTestSuite" name="clickSignIn" time="1.149"/>
  <testcase classname="dsalgoproject.RegistrationTestSuite" name="registerUser" time="3.404"/>
  <testcase classname="dsalgoproject.RegistrationTestSuite" name="registerUserError" time="0.0">
    <ignored/>
  </testcase> <!-- registerUserError -->
</testsuite> <!-- Test -->
