<?xml version="1.0" encoding="UTF-8"?>
<testng-results ignored="0" total="19" passed="19" failed="0" skipped="0">
  <reporter-output>
  </reporter-output>
  <suite started-at="2023-05-29T22:25:49 IST" name="Suite" finished-at="2023-05-29T22:26:27 IST" duration-ms="37536">
    <groups>
      <group name="Page">
        <method signature="ArrayTest_POM.ArrayPage_ApplicationsOfArrays()[pri:13, instance:pom.pageFactory.testRunner.ArrayTest_POM@7857fe2]" name="ArrayPage_ApplicationsOfArrays" class="pom.pageFactory.testRunner.ArrayTest_POM"/>
        <method signature="ArrayTest_POM.ArrayPage_ArraysInPython()[pri:10, instance:pom.pageFactory.testRunner.ArrayTest_POM@7857fe2]" name="ArrayPage_ArraysInPython" class="pom.pageFactory.testRunner.ArrayTest_POM"/>
        <method signature="ArrayTest_POM.ArrayPage_ArraysUsingList()[pri:11, instance:pom.pageFactory.testRunner.ArrayTest_POM@7857fe2]" name="ArrayPage_ArraysUsingList" class="pom.pageFactory.testRunner.ArrayTest_POM"/>
        <method signature="ArrayTest_POM.ArrayPage_BasicOperations()[pri:12, instance:pom.pageFactory.testRunner.ArrayTest_POM@7857fe2]" name="ArrayPage_BasicOperations" class="pom.pageFactory.testRunner.ArrayTest_POM"/>
        <method signature="ArrayTest_POM.ArrayPage_DropDown_LL()[pri:19, instance:pom.pageFactory.testRunner.ArrayTest_POM@7857fe2]" name="ArrayPage_DropDown_LL" class="pom.pageFactory.testRunner.ArrayTest_POM"/>
        <method signature="ArrayTest_POM.ArrayPage_PracticeQuestion1()[pri:15, instance:pom.pageFactory.testRunner.ArrayTest_POM@7857fe2]" name="ArrayPage_PracticeQuestion1" class="pom.pageFactory.testRunner.ArrayTest_POM"/>
        <method signature="ArrayTest_POM.ArrayPage_PracticeQuestion2()[pri:16, instance:pom.pageFactory.testRunner.ArrayTest_POM@7857fe2]" name="ArrayPage_PracticeQuestion2" class="pom.pageFactory.testRunner.ArrayTest_POM"/>
        <method signature="ArrayTest_POM.ArrayPage_PracticeQuestion3()[pri:17, instance:pom.pageFactory.testRunner.ArrayTest_POM@7857fe2]" name="ArrayPage_PracticeQuestion3" class="pom.pageFactory.testRunner.ArrayTest_POM"/>
        <method signature="ArrayTest_POM.ArrayPage_PracticeQuestion4()[pri:18, instance:pom.pageFactory.testRunner.ArrayTest_POM@7857fe2]" name="ArrayPage_PracticeQuestion4" class="pom.pageFactory.testRunner.ArrayTest_POM"/>
        <method signature="ArrayTest_POM.ArrayPage_PracticeQuestionsLink()[pri:14, instance:pom.pageFactory.testRunner.ArrayTest_POM@7857fe2]" name="ArrayPage_PracticeQuestionsLink" class="pom.pageFactory.testRunner.ArrayTest_POM"/>
        <method signature="ArrayTest_POM.ArrayPage_WrongInput()[pri:9, instance:pom.pageFactory.testRunner.ArrayTest_POM@7857fe2]" name="ArrayPage_WrongInput" class="pom.pageFactory.testRunner.ArrayTest_POM"/>
        <method signature="ArrayTest_POM.ClickArrayLinkOnHomePage()[pri:7, instance:pom.pageFactory.testRunner.ArrayTest_POM@7857fe2]" name="ClickArrayLinkOnHomePage" class="pom.pageFactory.testRunner.ArrayTest_POM"/>
        <method signature="ArrayTest_POM.ClickGetStarted()[pri:3, instance:pom.pageFactory.testRunner.ArrayTest_POM@7857fe2]" name="ClickGetStarted" class="pom.pageFactory.testRunner.ArrayTest_POM"/>
        <method signature="ArrayTest_POM.ClickSignInLink()[pri:4, instance:pom.pageFactory.testRunner.ArrayTest_POM@7857fe2]" name="ClickSignInLink" class="pom.pageFactory.testRunner.ArrayTest_POM"/>
        <method signature="ArrayTest_POM.LoadAppHome()[pri:2, instance:pom.pageFactory.testRunner.ArrayTest_POM@7857fe2]" name="LoadAppHome" class="pom.pageFactory.testRunner.ArrayTest_POM"/>
        <method signature="ArrayTest_POM.LoginUser()[pri:5, instance:pom.pageFactory.testRunner.ArrayTest_POM@7857fe2]" name="LoginUser" class="pom.pageFactory.testRunner.ArrayTest_POM"/>
        <method signature="ArrayTest_POM.OpenHomeURL()[pri:1, instance:pom.pageFactory.testRunner.ArrayTest_POM@7857fe2]" name="OpenHomeURL" class="pom.pageFactory.testRunner.ArrayTest_POM"/>
        <method signature="ArrayTest_POM.arrayPageSmokeTest_ClickSignOut()[pri:20, instance:pom.pageFactory.testRunner.ArrayTest_POM@7857fe2]" name="arrayPageSmokeTest_ClickSignOut" class="pom.pageFactory.testRunner.ArrayTest_POM"/>
        <method signature="ArrayTest_POM.closeDriver()[pri:21, instance:pom.pageFactory.testRunner.ArrayTest_POM@7857fe2]" name="closeDriver" class="pom.pageFactory.testRunner.ArrayTest_POM"/>
      </group> <!-- Page -->
      <group name="Smoke">
        <method signature="ArrayTest_POM.ArrayPage_ApplicationsOfArrays()[pri:13, instance:pom.pageFactory.testRunner.ArrayTest_POM@7857fe2]" name="ArrayPage_ApplicationsOfArrays" class="pom.pageFactory.testRunner.ArrayTest_POM"/>
        <method signature="ArrayTest_POM.ArrayPage_ArraysInPython()[pri:10, instance:pom.pageFactory.testRunner.ArrayTest_POM@7857fe2]" name="ArrayPage_ArraysInPython" class="pom.pageFactory.testRunner.ArrayTest_POM"/>
        <method signature="ArrayTest_POM.ArrayPage_ArraysUsingList()[pri:11, instance:pom.pageFactory.testRunner.ArrayTest_POM@7857fe2]" name="ArrayPage_ArraysUsingList" class="pom.pageFactory.testRunner.ArrayTest_POM"/>
        <method signature="ArrayTest_POM.ArrayPage_BasicOperations()[pri:12, instance:pom.pageFactory.testRunner.ArrayTest_POM@7857fe2]" name="ArrayPage_BasicOperations" class="pom.pageFactory.testRunner.ArrayTest_POM"/>
        <method signature="ArrayTest_POM.ArrayPage_DropDown_LL()[pri:19, instance:pom.pageFactory.testRunner.ArrayTest_POM@7857fe2]" name="ArrayPage_DropDown_LL" class="pom.pageFactory.testRunner.ArrayTest_POM"/>
        <method signature="ArrayTest_POM.ArrayPage_PracticeQuestion1()[pri:15, instance:pom.pageFactory.testRunner.ArrayTest_POM@7857fe2]" name="ArrayPage_PracticeQuestion1" class="pom.pageFactory.testRunner.ArrayTest_POM"/>
        <method signature="ArrayTest_POM.ArrayPage_PracticeQuestion2()[pri:16, instance:pom.pageFactory.testRunner.ArrayTest_POM@7857fe2]" name="ArrayPage_PracticeQuestion2" class="pom.pageFactory.testRunner.ArrayTest_POM"/>
        <method signature="ArrayTest_POM.ArrayPage_PracticeQuestion3()[pri:17, instance:pom.pageFactory.testRunner.ArrayTest_POM@7857fe2]" name="ArrayPage_PracticeQuestion3" class="pom.pageFactory.testRunner.ArrayTest_POM"/>
        <method signature="ArrayTest_POM.ArrayPage_PracticeQuestion4()[pri:18, instance:pom.pageFactory.testRunner.ArrayTest_POM@7857fe2]" name="ArrayPage_PracticeQuestion4" class="pom.pageFactory.testRunner.ArrayTest_POM"/>
        <method signature="ArrayTest_POM.ArrayPage_PracticeQuestionsLink()[pri:14, instance:pom.pageFactory.testRunner.ArrayTest_POM@7857fe2]" name="ArrayPage_PracticeQuestionsLink" class="pom.pageFactory.testRunner.ArrayTest_POM"/>
        <method signature="ArrayTest_POM.ArrayPage_WrongInput()[pri:9, instance:pom.pageFactory.testRunner.ArrayTest_POM@7857fe2]" name="ArrayPage_WrongInput" class="pom.pageFactory.testRunner.ArrayTest_POM"/>
        <method signature="ArrayTest_POM.OpenHomeURL()[pri:1, instance:pom.pageFactory.testRunner.ArrayTest_POM@7857fe2]" name="OpenHomeURL" class="pom.pageFactory.testRunner.ArrayTest_POM"/>
      </group> <!-- Smoke -->
    </groups>
    <test started-at="2023-05-29T22:25:49 IST" name="Test" finished-at="2023-05-29T22:26:27 IST" duration-ms="37536">
      <class name="pom.pageFactory.testRunner.ArrayTest_POM">
        <test-method is-config="true" signature="setupTest()[pri:0, instance:pom.pageFactory.testRunner.ArrayTest_POM@7857fe2]" started-at="2023-05-29T22:25:49 IST" name="setupTest" finished-at="2023-05-29T22:25:54 IST" duration-ms="4942" status="PASS">
          <reporter-output>
          </reporter-output>
        </test-method> <!-- setupTest -->
        <test-method signature="OpenHomeURL()[pri:1, instance:pom.pageFactory.testRunner.ArrayTest_POM@7857fe2]" started-at="2023-05-29T22:25:54 IST" name="OpenHomeURL" finished-at="2023-05-29T22:25:54 IST" duration-ms="63" status="PASS">
          <reporter-output>
          </reporter-output>
        </test-method> <!-- OpenHomeURL -->
        <test-method signature="LoadAppHome()[pri:2, instance:pom.pageFactory.testRunner.ArrayTest_POM@7857fe2]" started-at="2023-05-29T22:25:55 IST" name="LoadAppHome" finished-at="2023-05-29T22:25:57 IST" duration-ms="2417" status="PASS">
          <reporter-output>
          </reporter-output>
        </test-method> <!-- LoadAppHome -->
        <test-method signature="ClickGetStarted()[pri:3, instance:pom.pageFactory.testRunner.ArrayTest_POM@7857fe2]" started-at="2023-05-29T22:25:57 IST" name="ClickGetStarted" finished-at="2023-05-29T22:25:59 IST" duration-ms="1540" status="PASS">
          <reporter-output>
          </reporter-output>
        </test-method> <!-- ClickGetStarted -->
        <test-method signature="ClickSignInLink()[pri:4, instance:pom.pageFactory.testRunner.ArrayTest_POM@7857fe2]" started-at="2023-05-29T22:25:59 IST" name="ClickSignInLink" finished-at="2023-05-29T22:25:59 IST" duration-ms="618" status="PASS">
          <reporter-output>
          </reporter-output>
        </test-method> <!-- ClickSignInLink -->
        <test-method signature="LoginUser()[pri:5, instance:pom.pageFactory.testRunner.ArrayTest_POM@7857fe2]" started-at="2023-05-29T22:25:59 IST" name="LoginUser" finished-at="2023-05-29T22:26:00 IST" duration-ms="1215" status="PASS">
          <reporter-output>
          </reporter-output>
        </test-method> <!-- LoginUser -->
        <test-method signature="ClickArrayLinkOnHomePage()[pri:7, instance:pom.pageFactory.testRunner.ArrayTest_POM@7857fe2]" started-at="2023-05-29T22:26:00 IST" name="ClickArrayLinkOnHomePage" finished-at="2023-05-29T22:26:01 IST" duration-ms="957" status="PASS">
          <reporter-output>
          </reporter-output>
        </test-method> <!-- ClickArrayLinkOnHomePage -->
        <test-method signature="ArrayPage_WrongInput()[pri:9, instance:pom.pageFactory.testRunner.ArrayTest_POM@7857fe2]" started-at="2023-05-29T22:26:01 IST" name="ArrayPage_WrongInput" finished-at="2023-05-29T22:26:07 IST" duration-ms="5646" status="PASS">
          <reporter-output>
          </reporter-output>
        </test-method> <!-- ArrayPage_WrongInput -->
        <test-method signature="ArrayPage_ArraysInPython()[pri:10, instance:pom.pageFactory.testRunner.ArrayTest_POM@7857fe2]" started-at="2023-05-29T22:26:07 IST" name="ArrayPage_ArraysInPython" finished-at="2023-05-29T22:26:08 IST" duration-ms="833" status="PASS">
          <reporter-output>
          </reporter-output>
        </test-method> <!-- ArrayPage_ArraysInPython -->
        <test-method signature="ArrayPage_ArraysUsingList()[pri:11, instance:pom.pageFactory.testRunner.ArrayTest_POM@7857fe2]" started-at="2023-05-29T22:26:08 IST" name="ArrayPage_ArraysUsingList" finished-at="2023-05-29T22:26:11 IST" duration-ms="3005" status="PASS">
          <reporter-output>
          </reporter-output>
        </test-method> <!-- ArrayPage_ArraysUsingList -->
        <test-method signature="ArrayPage_BasicOperations()[pri:12, instance:pom.pageFactory.testRunner.ArrayTest_POM@7857fe2]" started-at="2023-05-29T22:26:11 IST" name="ArrayPage_BasicOperations" finished-at="2023-05-29T22:26:14 IST" duration-ms="2909" status="PASS">
          <reporter-output>
          </reporter-output>
        </test-method> <!-- ArrayPage_BasicOperations -->
        <test-method signature="ArrayPage_ApplicationsOfArrays()[pri:13, instance:pom.pageFactory.testRunner.ArrayTest_POM@7857fe2]" started-at="2023-05-29T22:26:14 IST" name="ArrayPage_ApplicationsOfArrays" finished-at="2023-05-29T22:26:17 IST" duration-ms="2813" status="PASS">
          <reporter-output>
          </reporter-output>
        </test-method> <!-- ArrayPage_ApplicationsOfArrays -->
        <test-method signature="ArrayPage_PracticeQuestionsLink()[pri:14, instance:pom.pageFactory.testRunner.ArrayTest_POM@7857fe2]" started-at="2023-05-29T22:26:17 IST" name="ArrayPage_PracticeQuestionsLink" finished-at="2023-05-29T22:26:17 IST" duration-ms="609" status="PASS">
          <reporter-output>
          </reporter-output>
        </test-method> <!-- ArrayPage_PracticeQuestionsLink -->
        <test-method signature="ArrayPage_PracticeQuestion1()[pri:15, instance:pom.pageFactory.testRunner.ArrayTest_POM@7857fe2]" started-at="2023-05-29T22:26:17 IST" name="ArrayPage_PracticeQuestion1" finished-at="2023-05-29T22:26:19 IST" duration-ms="1680" status="PASS">
          <reporter-output>
          </reporter-output>
        </test-method> <!-- ArrayPage_PracticeQuestion1 -->
        <test-method signature="ArrayPage_PracticeQuestion2()[pri:16, instance:pom.pageFactory.testRunner.ArrayTest_POM@7857fe2]" started-at="2023-05-29T22:26:19 IST" name="ArrayPage_PracticeQuestion2" finished-at="2023-05-29T22:26:21 IST" duration-ms="1837" status="PASS">
          <reporter-output>
          </reporter-output>
        </test-method> <!-- ArrayPage_PracticeQuestion2 -->
        <test-method signature="ArrayPage_PracticeQuestion3()[pri:17, instance:pom.pageFactory.testRunner.ArrayTest_POM@7857fe2]" started-at="2023-05-29T22:26:21 IST" name="ArrayPage_PracticeQuestion3" finished-at="2023-05-29T22:26:22 IST" duration-ms="1500" status="PASS">
          <reporter-output>
          </reporter-output>
        </test-method> <!-- ArrayPage_PracticeQuestion3 -->
        <test-method signature="ArrayPage_PracticeQuestion4()[pri:18, instance:pom.pageFactory.testRunner.ArrayTest_POM@7857fe2]" started-at="2023-05-29T22:26:22 IST" name="ArrayPage_PracticeQuestion4" finished-at="2023-05-29T22:26:24 IST" duration-ms="1757" status="PASS">
          <reporter-output>
          </reporter-output>
        </test-method> <!-- ArrayPage_PracticeQuestion4 -->
        <test-method signature="ArrayPage_DropDown_LL()[pri:19, instance:pom.pageFactory.testRunner.ArrayTest_POM@7857fe2]" started-at="2023-05-29T22:26:24 IST" name="ArrayPage_DropDown_LL" finished-at="2023-05-29T22:26:26 IST" duration-ms="1535" status="PASS">
          <reporter-output>
          </reporter-output>
        </test-method> <!-- ArrayPage_DropDown_LL -->
        <test-method signature="arrayPageSmokeTest_ClickSignOut()[pri:20, instance:pom.pageFactory.testRunner.ArrayTest_POM@7857fe2]" started-at="2023-05-29T22:26:26 IST" name="arrayPageSmokeTest_ClickSignOut" finished-at="2023-05-29T22:26:26 IST" duration-ms="826" status="PASS">
          <reporter-output>
          </reporter-output>
        </test-method> <!-- arrayPageSmokeTest_ClickSignOut -->
        <test-method signature="closeDriver()[pri:21, instance:pom.pageFactory.testRunner.ArrayTest_POM@7857fe2]" started-at="2023-05-29T22:26:26 IST" name="closeDriver" finished-at="2023-05-29T22:26:27 IST" duration-ms="400" status="PASS">
          <reporter-output>
          </reporter-output>
        </test-method> <!-- closeDriver -->
      </class> <!-- pom.pageFactory.testRunner.ArrayTest_POM -->
    </test> <!-- Test -->
  </suite> <!-- Suite -->
</testng-results>
