<?xml version="1.0" encoding="UTF-8"?>
<testng-results ignored="49" total="122" passed="73" failed="0" skipped="0">
  <reporter-output>
  </reporter-output>
  <suite started-at="2023-05-17T10:22:45 IST" name="Suite" finished-at="2023-05-17T10:28:23 IST" duration-ms="338365">
    <groups>
      <group name="Page">
        <method signature="ArrayTest_POM.OpenHomeURL()[pri:1, instance:pom.pageFactory.testRunner.ArrayTest_POM@548a24a]" name="OpenHomeURL" class="pom.pageFactory.testRunner.ArrayTest_POM"/>
        <method signature="DataStructureTest_POM.OpenHomeURL()[pri:1, instance:pom.pageFactory.testRunner.DataStructureTest_POM@1040be71]" name="OpenHomeURL" class="pom.pageFactory.testRunner.DataStructureTest_POM"/>
        <method signature="GraphTest_POM.instantiateDriver()[pri:1, instance:pom.pageFactory.testRunner.GraphTest_POM@533bda92]" name="instantiateDriver" class="pom.pageFactory.testRunner.GraphTest_POM"/>
        <method signature="LinkedListTest_POM.OpenHomeURL()[pri:1, instance:pom.pageFactory.testRunner.LinkedListTest_POM@433defed]" name="OpenHomeURL" class="pom.pageFactory.testRunner.LinkedListTest_POM"/>
        <method signature="LoginTest_POM.OpenHomeURL()[pri:1, instance:pom.pageFactory.testRunner.LoginTest_POM@6f10d5b6]" name="OpenHomeURL" class="pom.pageFactory.testRunner.LoginTest_POM"/>
        <method signature="QueueTest_POM.OpenHomeURL()[pri:1, instance:pom.pageFactory.testRunner.QueueTest_POM@3f4faf53]" name="OpenHomeURL" class="pom.pageFactory.testRunner.QueueTest_POM"/>
        <method signature="RegistrationTest_POM.OpenHomeURL()[pri:1, instance:pom.pageFactory.testRunner.RegistrationTest_POM@23e84203]" name="OpenHomeURL" class="pom.pageFactory.testRunner.RegistrationTest_POM"/>
        <method signature="StackTest_POM.OpenHomeURL()[pri:1, instance:pom.pageFactory.testRunner.StackTest_POM@2a693f59]" name="OpenHomeURL" class="pom.pageFactory.testRunner.StackTest_POM"/>
        <method signature="TreeTest_POM.OpenHomeURL()[pri:1, instance:pom.pageFactory.testRunner.TreeTest_POM@7fd50002]" name="OpenHomeURL" class="pom.pageFactory.testRunner.TreeTest_POM"/>
        <method signature="RegistrationTest_POM.LoadAppHome()[pri:2, instance:pom.pageFactory.testRunner.RegistrationTest_POM@23e84203]" name="LoadAppHome" class="pom.pageFactory.testRunner.RegistrationTest_POM"/>
        <method signature="RegistrationTest_POM.ClickGetStarted()[pri:3, instance:pom.pageFactory.testRunner.RegistrationTest_POM@23e84203]" name="ClickGetStarted" class="pom.pageFactory.testRunner.RegistrationTest_POM"/>
        <method signature="LoginTest_POM.ClickSignInLink()[pri:4, instance:pom.pageFactory.testRunner.LoginTest_POM@6f10d5b6]" name="ClickSignInLink" class="pom.pageFactory.testRunner.LoginTest_POM"/>
        <method signature="RegistrationTest_POM.ClickRegisterLink()[pri:4, instance:pom.pageFactory.testRunner.RegistrationTest_POM@23e84203]" name="ClickRegisterLink" class="pom.pageFactory.testRunner.RegistrationTest_POM"/>
        <method signature="LoginTest_POM.LoginNegativeTest()[pri:5, instance:pom.pageFactory.testRunner.LoginTest_POM@6f10d5b6]" name="LoginNegativeTest" class="pom.pageFactory.testRunner.LoginTest_POM"/>
        <method signature="RegistrationTest_POM.registerUserNegativeTest()[pri:5, instance:pom.pageFactory.testRunner.RegistrationTest_POM@23e84203]" name="registerUserNegativeTest" class="pom.pageFactory.testRunner.RegistrationTest_POM"/>
        <method signature="LoginTest_POM.UserPositiveTest()[pri:6, instance:pom.pageFactory.testRunner.LoginTest_POM@6f10d5b6]" name="UserPositiveTest" class="pom.pageFactory.testRunner.LoginTest_POM"/>
        <method signature="DataStructureTest_POM.ClickDSLinkOnHomePage()[pri:7, instance:pom.pageFactory.testRunner.DataStructureTest_POM@1040be71]" name="ClickDSLinkOnHomePage" class="pom.pageFactory.testRunner.DataStructureTest_POM"/>
        <method signature="RegistrationTest_POM.registerUserPositiveTest()[pri:7, instance:pom.pageFactory.testRunner.RegistrationTest_POM@23e84203]" name="registerUserPositiveTest" class="pom.pageFactory.testRunner.RegistrationTest_POM"/>
        <method signature="DataStructureTest_POM.DataStructureSmokeTest_TimeComplexity()[pri:8, instance:pom.pageFactory.testRunner.DataStructureTest_POM@1040be71]" name="DataStructureSmokeTest_TimeComplexity" class="pom.pageFactory.testRunner.DataStructureTest_POM"/>
        <method signature="ArrayTest_POM.ArrayPage_WrongInput()[pri:9, instance:pom.pageFactory.testRunner.ArrayTest_POM@548a24a]" name="ArrayPage_WrongInput" class="pom.pageFactory.testRunner.ArrayTest_POM"/>
        <method signature="DataStructureTest_POM.DataStructureSmokeTest_PracticeQuestion()[pri:9, instance:pom.pageFactory.testRunner.DataStructureTest_POM@1040be71]" name="DataStructureSmokeTest_PracticeQuestion" class="pom.pageFactory.testRunner.DataStructureTest_POM"/>
        <method signature="GraphTest_POM.click_graphLink_wrongText()[pri:9, instance:pom.pageFactory.testRunner.GraphTest_POM@533bda92]" name="click_graphLink_wrongText" class="pom.pageFactory.testRunner.GraphTest_POM"/>
        <method signature="GraphTest_POM.click_graph_link()[pri:9, instance:pom.pageFactory.testRunner.GraphTest_POM@533bda92]" name="click_graph_link" class="pom.pageFactory.testRunner.GraphTest_POM"/>
        <method signature="LinkedListTest_POM.introduction()[pri:9, instance:pom.pageFactory.testRunner.LinkedListTest_POM@433defed]" name="introduction" class="pom.pageFactory.testRunner.LinkedListTest_POM"/>
        <method signature="QueueTest_POM.clickImplementationQueue()[pri:9, instance:pom.pageFactory.testRunner.QueueTest_POM@3f4faf53]" name="clickImplementationQueue" class="pom.pageFactory.testRunner.QueueTest_POM"/>
        <method signature="RegistrationTest_POM.ClickSignOutLink()[pri:9, instance:pom.pageFactory.testRunner.RegistrationTest_POM@23e84203]" name="ClickSignOutLink" class="pom.pageFactory.testRunner.RegistrationTest_POM"/>
        <method signature="StackTest_POM.operations_in_stack()[pri:9, instance:pom.pageFactory.testRunner.StackTest_POM@2a693f59]" name="operations_in_stack" class="pom.pageFactory.testRunner.StackTest_POM"/>
        <method signature="TreeTest_POM.click_OverviewOfTrees()[pri:9, instance:pom.pageFactory.testRunner.TreeTest_POM@7fd50002]" name="click_OverviewOfTrees" class="pom.pageFactory.testRunner.TreeTest_POM"/>
        <method signature="ArrayTest_POM.ArrayPage_ArraysInPython()[pri:10, instance:pom.pageFactory.testRunner.ArrayTest_POM@548a24a]" name="ArrayPage_ArraysInPython" class="pom.pageFactory.testRunner.ArrayTest_POM"/>
        <method signature="DataStructureTest_POM.DataStructureSmokeTest_Dropdown()[pri:10, instance:pom.pageFactory.testRunner.DataStructureTest_POM@1040be71]" name="DataStructureSmokeTest_Dropdown" class="pom.pageFactory.testRunner.DataStructureTest_POM"/>
        <method signature="ArrayTest_POM.ArrayPage_ArraysUsingList()[pri:11, instance:pom.pageFactory.testRunner.ArrayTest_POM@548a24a]" name="ArrayPage_ArraysUsingList" class="pom.pageFactory.testRunner.ArrayTest_POM"/>
        <method signature="GraphTest_POM.click_graph_representation()[pri:11, instance:pom.pageFactory.testRunner.GraphTest_POM@533bda92]" name="click_graph_representation" class="pom.pageFactory.testRunner.GraphTest_POM"/>
        <method signature="LinkedListTest_POM.create_LinkedList()[pri:11, instance:pom.pageFactory.testRunner.LinkedListTest_POM@433defed]" name="create_LinkedList" class="pom.pageFactory.testRunner.LinkedListTest_POM"/>
        <method signature="QueueTest_POM.clickImplementationCollections()[pri:11, instance:pom.pageFactory.testRunner.QueueTest_POM@3f4faf53]" name="clickImplementationCollections" class="pom.pageFactory.testRunner.QueueTest_POM"/>
        <method signature="StackTest_POM.implementation_stack()[pri:11, instance:pom.pageFactory.testRunner.StackTest_POM@2a693f59]" name="implementation_stack" class="pom.pageFactory.testRunner.StackTest_POM"/>
        <method signature="TreeTest_POM.click_Terminolgies()[pri:11, instance:pom.pageFactory.testRunner.TreeTest_POM@7fd50002]" name="click_Terminolgies" class="pom.pageFactory.testRunner.TreeTest_POM"/>
        <method signature="ArrayTest_POM.ArrayPage_BasicOperations()[pri:12, instance:pom.pageFactory.testRunner.ArrayTest_POM@548a24a]" name="ArrayPage_BasicOperations" class="pom.pageFactory.testRunner.ArrayTest_POM"/>
        <method signature="ArrayTest_POM.ArrayPage_ApplicationsOfArrays()[pri:13, instance:pom.pageFactory.testRunner.ArrayTest_POM@548a24a]" name="ArrayPage_ApplicationsOfArrays" class="pom.pageFactory.testRunner.ArrayTest_POM"/>
        <method signature="GraphTest_POM.click_graph_practice_questions()[pri:13, instance:pom.pageFactory.testRunner.GraphTest_POM@533bda92]" name="click_graph_practice_questions" class="pom.pageFactory.testRunner.GraphTest_POM"/>
        <method signature="LinkedListTest_POM.typeOfLinkedList()[pri:13, instance:pom.pageFactory.testRunner.LinkedListTest_POM@433defed]" name="typeOfLinkedList" class="pom.pageFactory.testRunner.LinkedListTest_POM"/>
        <method signature="QueueTest_POM.clickImplementationArray()[pri:13, instance:pom.pageFactory.testRunner.QueueTest_POM@3f4faf53]" name="clickImplementationArray" class="pom.pageFactory.testRunner.QueueTest_POM"/>
        <method signature="StackTest_POM.application_stack()[pri:13, instance:pom.pageFactory.testRunner.StackTest_POM@2a693f59]" name="application_stack" class="pom.pageFactory.testRunner.StackTest_POM"/>
        <method signature="TreeTest_POM.click_TypesOfTrees()[pri:13, instance:pom.pageFactory.testRunner.TreeTest_POM@7fd50002]" name="click_TypesOfTrees" class="pom.pageFactory.testRunner.TreeTest_POM"/>
        <method signature="ArrayTest_POM.ArrayPage_PracticeQuestionsLink()[pri:14, instance:pom.pageFactory.testRunner.ArrayTest_POM@548a24a]" name="ArrayPage_PracticeQuestionsLink" class="pom.pageFactory.testRunner.ArrayTest_POM"/>
        <method signature="TreeTest_POM.click_TreeTraversals()[pri:14, instance:pom.pageFactory.testRunner.TreeTest_POM@7fd50002]" name="click_TreeTraversals" class="pom.pageFactory.testRunner.TreeTest_POM"/>
        <method signature="ArrayTest_POM.ArrayPage_PracticeQuestion1()[pri:15, instance:pom.pageFactory.testRunner.ArrayTest_POM@548a24a]" name="ArrayPage_PracticeQuestion1" class="pom.pageFactory.testRunner.ArrayTest_POM"/>
        <method signature="GraphTest_POM.graphPage_ClickSignOut()[pri:15, instance:pom.pageFactory.testRunner.GraphTest_POM@533bda92]" name="graphPage_ClickSignOut" class="pom.pageFactory.testRunner.GraphTest_POM"/>
        <method signature="LinkedListTest_POM.implementLLInPython()[pri:15, instance:pom.pageFactory.testRunner.LinkedListTest_POM@433defed]" name="implementLLInPython" class="pom.pageFactory.testRunner.LinkedListTest_POM"/>
        <method signature="QueueTest_POM.clickQueueOperations()[pri:15, instance:pom.pageFactory.testRunner.QueueTest_POM@3f4faf53]" name="clickQueueOperations" class="pom.pageFactory.testRunner.QueueTest_POM"/>
        <method signature="StackTest_POM.stack_PracticeQuestionsLink()[pri:15, instance:pom.pageFactory.testRunner.StackTest_POM@2a693f59]" name="stack_PracticeQuestionsLink" class="pom.pageFactory.testRunner.StackTest_POM"/>
        <method signature="TreeTest_POM.click_TraversalIllustration()[pri:15, instance:pom.pageFactory.testRunner.TreeTest_POM@7fd50002]" name="click_TraversalIllustration" class="pom.pageFactory.testRunner.TreeTest_POM"/>
        <method signature="ArrayTest_POM.ArrayPage_PracticeQuestion2()[pri:16, instance:pom.pageFactory.testRunner.ArrayTest_POM@548a24a]" name="ArrayPage_PracticeQuestion2" class="pom.pageFactory.testRunner.ArrayTest_POM"/>
        <method signature="QueueTest_POM.queue_PracticeQuestionsLink()[pri:16, instance:pom.pageFactory.testRunner.QueueTest_POM@3f4faf53]" name="queue_PracticeQuestionsLink" class="pom.pageFactory.testRunner.QueueTest_POM"/>
        <method signature="ArrayTest_POM.ArrayPage_PracticeQuestion3()[pri:17, instance:pom.pageFactory.testRunner.ArrayTest_POM@548a24a]" name="ArrayPage_PracticeQuestion3" class="pom.pageFactory.testRunner.ArrayTest_POM"/>
        <method signature="GraphTest_POM.closeDriver()[pri:17, instance:pom.pageFactory.testRunner.GraphTest_POM@533bda92]" name="closeDriver" class="pom.pageFactory.testRunner.GraphTest_POM"/>
        <method signature="LinkedListTest_POM.traversal()[pri:17, instance:pom.pageFactory.testRunner.LinkedListTest_POM@433defed]" name="traversal" class="pom.pageFactory.testRunner.LinkedListTest_POM"/>
        <method signature="QueueTest_POM.queue_Dropdown()[pri:17, instance:pom.pageFactory.testRunner.QueueTest_POM@3f4faf53]" name="queue_Dropdown" class="pom.pageFactory.testRunner.QueueTest_POM"/>
        <method signature="StackTest_POM.stack_DropDown()[pri:17, instance:pom.pageFactory.testRunner.StackTest_POM@2a693f59]" name="stack_DropDown" class="pom.pageFactory.testRunner.StackTest_POM"/>
        <method signature="TreeTest_POM.click_TypesOfBinaryTrees()[pri:17, instance:pom.pageFactory.testRunner.TreeTest_POM@7fd50002]" name="click_TypesOfBinaryTrees" class="pom.pageFactory.testRunner.TreeTest_POM"/>
        <method signature="ArrayTest_POM.ArrayPage_PracticeQuestion4()[pri:18, instance:pom.pageFactory.testRunner.ArrayTest_POM@548a24a]" name="ArrayPage_PracticeQuestion4" class="pom.pageFactory.testRunner.ArrayTest_POM"/>
        <method signature="ArrayTest_POM.ArrayPage_DropDown_LL()[pri:19, instance:pom.pageFactory.testRunner.ArrayTest_POM@548a24a]" name="ArrayPage_DropDown_LL" class="pom.pageFactory.testRunner.ArrayTest_POM"/>
        <method signature="LinkedListTest_POM.deletion()[pri:19, instance:pom.pageFactory.testRunner.LinkedListTest_POM@433defed]" name="deletion" class="pom.pageFactory.testRunner.LinkedListTest_POM"/>
        <method signature="LinkedListTest_POM.insertion()[pri:19, instance:pom.pageFactory.testRunner.LinkedListTest_POM@433defed]" name="insertion" class="pom.pageFactory.testRunner.LinkedListTest_POM"/>
        <method signature="TreeTest_POM.click_ImpInPython()[pri:19, instance:pom.pageFactory.testRunner.TreeTest_POM@7fd50002]" name="click_ImpInPython" class="pom.pageFactory.testRunner.TreeTest_POM"/>
        <method signature="LinkedListTest_POM.LinkedList_PracticeQuestionsLink()[pri:21, instance:pom.pageFactory.testRunner.LinkedListTest_POM@433defed]" name="LinkedList_PracticeQuestionsLink" class="pom.pageFactory.testRunner.LinkedListTest_POM"/>
        <method signature="TreeTest_POM.click_BinaryTreeTravesals()[pri:21, instance:pom.pageFactory.testRunner.TreeTest_POM@7fd50002]" name="click_BinaryTreeTravesals" class="pom.pageFactory.testRunner.TreeTest_POM"/>
        <method signature="LinkedListTest_POM.LinkedList_DropDown_LL()[pri:23, instance:pom.pageFactory.testRunner.LinkedListTest_POM@433defed]" name="LinkedList_DropDown_LL" class="pom.pageFactory.testRunner.LinkedListTest_POM"/>
        <method signature="TreeTest_POM.click_ImpOfBinaryTrees()[pri:23, instance:pom.pageFactory.testRunner.TreeTest_POM@7fd50002]" name="click_ImpOfBinaryTrees" class="pom.pageFactory.testRunner.TreeTest_POM"/>
        <method signature="TreeTest_POM.click_AppOfBinaryTrees()[pri:25, instance:pom.pageFactory.testRunner.TreeTest_POM@7fd50002]" name="click_AppOfBinaryTrees" class="pom.pageFactory.testRunner.TreeTest_POM"/>
        <method signature="TreeTest_POM.click_BinarySearchTrees()[pri:27, instance:pom.pageFactory.testRunner.TreeTest_POM@7fd50002]" name="click_BinarySearchTrees" class="pom.pageFactory.testRunner.TreeTest_POM"/>
        <method signature="TreeTest_POM.click_ImpOfBST()[pri:29, instance:pom.pageFactory.testRunner.TreeTest_POM@7fd50002]" name="click_ImpOfBST" class="pom.pageFactory.testRunner.TreeTest_POM"/>
        <method signature="TreeTest_POM.tree_PracticeQuestionsLink()[pri:31, instance:pom.pageFactory.testRunner.TreeTest_POM@7fd50002]" name="tree_PracticeQuestionsLink" class="pom.pageFactory.testRunner.TreeTest_POM"/>
        <method signature="TreeTest_POM.tree_Dropdown()[pri:33, instance:pom.pageFactory.testRunner.TreeTest_POM@7fd50002]" name="tree_Dropdown" class="pom.pageFactory.testRunner.TreeTest_POM"/>
      </group> <!-- Page -->
      <group name="Smoke">
        <method signature="ArrayTest_POM.OpenHomeURL()[pri:1, instance:pom.pageFactory.testRunner.ArrayTest_POM@548a24a]" name="OpenHomeURL" class="pom.pageFactory.testRunner.ArrayTest_POM"/>
        <method signature="DataStructureTest_POM.OpenHomeURL()[pri:1, instance:pom.pageFactory.testRunner.DataStructureTest_POM@1040be71]" name="OpenHomeURL" class="pom.pageFactory.testRunner.DataStructureTest_POM"/>
        <method signature="GraphTest_POM.instantiateDriver()[pri:1, instance:pom.pageFactory.testRunner.GraphTest_POM@533bda92]" name="instantiateDriver" class="pom.pageFactory.testRunner.GraphTest_POM"/>
        <method signature="LinkedListTest_POM.OpenHomeURL()[pri:1, instance:pom.pageFactory.testRunner.LinkedListTest_POM@433defed]" name="OpenHomeURL" class="pom.pageFactory.testRunner.LinkedListTest_POM"/>
        <method signature="LoginTest_POM.OpenHomeURL()[pri:1, instance:pom.pageFactory.testRunner.LoginTest_POM@6f10d5b6]" name="OpenHomeURL" class="pom.pageFactory.testRunner.LoginTest_POM"/>
        <method signature="QueueTest_POM.OpenHomeURL()[pri:1, instance:pom.pageFactory.testRunner.QueueTest_POM@3f4faf53]" name="OpenHomeURL" class="pom.pageFactory.testRunner.QueueTest_POM"/>
        <method signature="RegistrationTest_POM.OpenHomeURL()[pri:1, instance:pom.pageFactory.testRunner.RegistrationTest_POM@23e84203]" name="OpenHomeURL" class="pom.pageFactory.testRunner.RegistrationTest_POM"/>
        <method signature="StackTest_POM.OpenHomeURL()[pri:1, instance:pom.pageFactory.testRunner.StackTest_POM@2a693f59]" name="OpenHomeURL" class="pom.pageFactory.testRunner.StackTest_POM"/>
        <method signature="TreeTest_POM.OpenHomeURL()[pri:1, instance:pom.pageFactory.testRunner.TreeTest_POM@7fd50002]" name="OpenHomeURL" class="pom.pageFactory.testRunner.TreeTest_POM"/>
        <method signature="RegistrationTest_POM.LoadAppHome()[pri:2, instance:pom.pageFactory.testRunner.RegistrationTest_POM@23e84203]" name="LoadAppHome" class="pom.pageFactory.testRunner.RegistrationTest_POM"/>
        <method signature="RegistrationTest_POM.ClickGetStarted()[pri:3, instance:pom.pageFactory.testRunner.RegistrationTest_POM@23e84203]" name="ClickGetStarted" class="pom.pageFactory.testRunner.RegistrationTest_POM"/>
        <method signature="LoginTest_POM.ClickSignInLink()[pri:4, instance:pom.pageFactory.testRunner.LoginTest_POM@6f10d5b6]" name="ClickSignInLink" class="pom.pageFactory.testRunner.LoginTest_POM"/>
        <method signature="RegistrationTest_POM.ClickRegisterLink()[pri:4, instance:pom.pageFactory.testRunner.RegistrationTest_POM@23e84203]" name="ClickRegisterLink" class="pom.pageFactory.testRunner.RegistrationTest_POM"/>
        <method signature="LoginTest_POM.LoginNegativeTest()[pri:5, instance:pom.pageFactory.testRunner.LoginTest_POM@6f10d5b6]" name="LoginNegativeTest" class="pom.pageFactory.testRunner.LoginTest_POM"/>
        <method signature="RegistrationTest_POM.registerUserNegativeTest()[pri:5, instance:pom.pageFactory.testRunner.RegistrationTest_POM@23e84203]" name="registerUserNegativeTest" class="pom.pageFactory.testRunner.RegistrationTest_POM"/>
        <method signature="LoginTest_POM.UserPositiveTest()[pri:6, instance:pom.pageFactory.testRunner.LoginTest_POM@6f10d5b6]" name="UserPositiveTest" class="pom.pageFactory.testRunner.LoginTest_POM"/>
        <method signature="DataStructureTest_POM.ClickDSLinkOnHomePage()[pri:7, instance:pom.pageFactory.testRunner.DataStructureTest_POM@1040be71]" name="ClickDSLinkOnHomePage" class="pom.pageFactory.testRunner.DataStructureTest_POM"/>
        <method signature="RegistrationTest_POM.registerUserPositiveTest()[pri:7, instance:pom.pageFactory.testRunner.RegistrationTest_POM@23e84203]" name="registerUserPositiveTest" class="pom.pageFactory.testRunner.RegistrationTest_POM"/>
        <method signature="DataStructureTest_POM.DataStructureSmokeTest_TimeComplexity()[pri:8, instance:pom.pageFactory.testRunner.DataStructureTest_POM@1040be71]" name="DataStructureSmokeTest_TimeComplexity" class="pom.pageFactory.testRunner.DataStructureTest_POM"/>
        <method signature="ArrayTest_POM.ArrayPage_WrongInput()[pri:9, instance:pom.pageFactory.testRunner.ArrayTest_POM@548a24a]" name="ArrayPage_WrongInput" class="pom.pageFactory.testRunner.ArrayTest_POM"/>
        <method signature="DataStructureTest_POM.DataStructureSmokeTest_PracticeQuestion()[pri:9, instance:pom.pageFactory.testRunner.DataStructureTest_POM@1040be71]" name="DataStructureSmokeTest_PracticeQuestion" class="pom.pageFactory.testRunner.DataStructureTest_POM"/>
        <method signature="GraphTest_POM.click_graphLink_wrongText()[pri:9, instance:pom.pageFactory.testRunner.GraphTest_POM@533bda92]" name="click_graphLink_wrongText" class="pom.pageFactory.testRunner.GraphTest_POM"/>
        <method signature="GraphTest_POM.click_graph_link()[pri:9, instance:pom.pageFactory.testRunner.GraphTest_POM@533bda92]" name="click_graph_link" class="pom.pageFactory.testRunner.GraphTest_POM"/>
        <method signature="LinkedListTest_POM.introduction()[pri:9, instance:pom.pageFactory.testRunner.LinkedListTest_POM@433defed]" name="introduction" class="pom.pageFactory.testRunner.LinkedListTest_POM"/>
        <method signature="QueueTest_POM.clickImplementationQueue()[pri:9, instance:pom.pageFactory.testRunner.QueueTest_POM@3f4faf53]" name="clickImplementationQueue" class="pom.pageFactory.testRunner.QueueTest_POM"/>
        <method signature="RegistrationTest_POM.ClickSignOutLink()[pri:9, instance:pom.pageFactory.testRunner.RegistrationTest_POM@23e84203]" name="ClickSignOutLink" class="pom.pageFactory.testRunner.RegistrationTest_POM"/>
        <method signature="StackTest_POM.operations_in_stack()[pri:9, instance:pom.pageFactory.testRunner.StackTest_POM@2a693f59]" name="operations_in_stack" class="pom.pageFactory.testRunner.StackTest_POM"/>
        <method signature="TreeTest_POM.click_OverviewOfTrees()[pri:9, instance:pom.pageFactory.testRunner.TreeTest_POM@7fd50002]" name="click_OverviewOfTrees" class="pom.pageFactory.testRunner.TreeTest_POM"/>
        <method signature="ArrayTest_POM.ArrayPage_ArraysInPython()[pri:10, instance:pom.pageFactory.testRunner.ArrayTest_POM@548a24a]" name="ArrayPage_ArraysInPython" class="pom.pageFactory.testRunner.ArrayTest_POM"/>
        <method signature="DataStructureTest_POM.DataStructureSmokeTest_Dropdown()[pri:10, instance:pom.pageFactory.testRunner.DataStructureTest_POM@1040be71]" name="DataStructureSmokeTest_Dropdown" class="pom.pageFactory.testRunner.DataStructureTest_POM"/>
        <method signature="ArrayTest_POM.ArrayPage_ArraysUsingList()[pri:11, instance:pom.pageFactory.testRunner.ArrayTest_POM@548a24a]" name="ArrayPage_ArraysUsingList" class="pom.pageFactory.testRunner.ArrayTest_POM"/>
        <method signature="GraphTest_POM.click_graph_representation()[pri:11, instance:pom.pageFactory.testRunner.GraphTest_POM@533bda92]" name="click_graph_representation" class="pom.pageFactory.testRunner.GraphTest_POM"/>
        <method signature="LinkedListTest_POM.create_LinkedList()[pri:11, instance:pom.pageFactory.testRunner.LinkedListTest_POM@433defed]" name="create_LinkedList" class="pom.pageFactory.testRunner.LinkedListTest_POM"/>
        <method signature="QueueTest_POM.clickImplementationCollections()[pri:11, instance:pom.pageFactory.testRunner.QueueTest_POM@3f4faf53]" name="clickImplementationCollections" class="pom.pageFactory.testRunner.QueueTest_POM"/>
        <method signature="StackTest_POM.implementation_stack()[pri:11, instance:pom.pageFactory.testRunner.StackTest_POM@2a693f59]" name="implementation_stack" class="pom.pageFactory.testRunner.StackTest_POM"/>
        <method signature="TreeTest_POM.click_Terminolgies()[pri:11, instance:pom.pageFactory.testRunner.TreeTest_POM@7fd50002]" name="click_Terminolgies" class="pom.pageFactory.testRunner.TreeTest_POM"/>
        <method signature="ArrayTest_POM.ArrayPage_BasicOperations()[pri:12, instance:pom.pageFactory.testRunner.ArrayTest_POM@548a24a]" name="ArrayPage_BasicOperations" class="pom.pageFactory.testRunner.ArrayTest_POM"/>
        <method signature="ArrayTest_POM.ArrayPage_ApplicationsOfArrays()[pri:13, instance:pom.pageFactory.testRunner.ArrayTest_POM@548a24a]" name="ArrayPage_ApplicationsOfArrays" class="pom.pageFactory.testRunner.ArrayTest_POM"/>
        <method signature="GraphTest_POM.click_graph_practice_questions()[pri:13, instance:pom.pageFactory.testRunner.GraphTest_POM@533bda92]" name="click_graph_practice_questions" class="pom.pageFactory.testRunner.GraphTest_POM"/>
        <method signature="LinkedListTest_POM.typeOfLinkedList()[pri:13, instance:pom.pageFactory.testRunner.LinkedListTest_POM@433defed]" name="typeOfLinkedList" class="pom.pageFactory.testRunner.LinkedListTest_POM"/>
        <method signature="QueueTest_POM.clickImplementationArray()[pri:13, instance:pom.pageFactory.testRunner.QueueTest_POM@3f4faf53]" name="clickImplementationArray" class="pom.pageFactory.testRunner.QueueTest_POM"/>
        <method signature="StackTest_POM.application_stack()[pri:13, instance:pom.pageFactory.testRunner.StackTest_POM@2a693f59]" name="application_stack" class="pom.pageFactory.testRunner.StackTest_POM"/>
        <method signature="TreeTest_POM.click_TypesOfTrees()[pri:13, instance:pom.pageFactory.testRunner.TreeTest_POM@7fd50002]" name="click_TypesOfTrees" class="pom.pageFactory.testRunner.TreeTest_POM"/>
        <method signature="ArrayTest_POM.ArrayPage_PracticeQuestionsLink()[pri:14, instance:pom.pageFactory.testRunner.ArrayTest_POM@548a24a]" name="ArrayPage_PracticeQuestionsLink" class="pom.pageFactory.testRunner.ArrayTest_POM"/>
        <method signature="TreeTest_POM.click_TreeTraversals()[pri:14, instance:pom.pageFactory.testRunner.TreeTest_POM@7fd50002]" name="click_TreeTraversals" class="pom.pageFactory.testRunner.TreeTest_POM"/>
        <method signature="ArrayTest_POM.ArrayPage_PracticeQuestion1()[pri:15, instance:pom.pageFactory.testRunner.ArrayTest_POM@548a24a]" name="ArrayPage_PracticeQuestion1" class="pom.pageFactory.testRunner.ArrayTest_POM"/>
        <method signature="GraphTest_POM.graphPage_ClickSignOut()[pri:15, instance:pom.pageFactory.testRunner.GraphTest_POM@533bda92]" name="graphPage_ClickSignOut" class="pom.pageFactory.testRunner.GraphTest_POM"/>
        <method signature="LinkedListTest_POM.implementLLInPython()[pri:15, instance:pom.pageFactory.testRunner.LinkedListTest_POM@433defed]" name="implementLLInPython" class="pom.pageFactory.testRunner.LinkedListTest_POM"/>
        <method signature="QueueTest_POM.clickQueueOperations()[pri:15, instance:pom.pageFactory.testRunner.QueueTest_POM@3f4faf53]" name="clickQueueOperations" class="pom.pageFactory.testRunner.QueueTest_POM"/>
        <method signature="StackTest_POM.stack_PracticeQuestionsLink()[pri:15, instance:pom.pageFactory.testRunner.StackTest_POM@2a693f59]" name="stack_PracticeQuestionsLink" class="pom.pageFactory.testRunner.StackTest_POM"/>
        <method signature="TreeTest_POM.click_TraversalIllustration()[pri:15, instance:pom.pageFactory.testRunner.TreeTest_POM@7fd50002]" name="click_TraversalIllustration" class="pom.pageFactory.testRunner.TreeTest_POM"/>
        <method signature="ArrayTest_POM.ArrayPage_PracticeQuestion2()[pri:16, instance:pom.pageFactory.testRunner.ArrayTest_POM@548a24a]" name="ArrayPage_PracticeQuestion2" class="pom.pageFactory.testRunner.ArrayTest_POM"/>
        <method signature="QueueTest_POM.queue_PracticeQuestionsLink()[pri:16, instance:pom.pageFactory.testRunner.QueueTest_POM@3f4faf53]" name="queue_PracticeQuestionsLink" class="pom.pageFactory.testRunner.QueueTest_POM"/>
        <method signature="ArrayTest_POM.ArrayPage_PracticeQuestion3()[pri:17, instance:pom.pageFactory.testRunner.ArrayTest_POM@548a24a]" name="ArrayPage_PracticeQuestion3" class="pom.pageFactory.testRunner.ArrayTest_POM"/>
        <method signature="GraphTest_POM.closeDriver()[pri:17, instance:pom.pageFactory.testRunner.GraphTest_POM@533bda92]" name="closeDriver" class="pom.pageFactory.testRunner.GraphTest_POM"/>
        <method signature="LinkedListTest_POM.traversal()[pri:17, instance:pom.pageFactory.testRunner.LinkedListTest_POM@433defed]" name="traversal" class="pom.pageFactory.testRunner.LinkedListTest_POM"/>
        <method signature="QueueTest_POM.queue_Dropdown()[pri:17, instance:pom.pageFactory.testRunner.QueueTest_POM@3f4faf53]" name="queue_Dropdown" class="pom.pageFactory.testRunner.QueueTest_POM"/>
        <method signature="StackTest_POM.stack_DropDown()[pri:17, instance:pom.pageFactory.testRunner.StackTest_POM@2a693f59]" name="stack_DropDown" class="pom.pageFactory.testRunner.StackTest_POM"/>
        <method signature="TreeTest_POM.click_TypesOfBinaryTrees()[pri:17, instance:pom.pageFactory.testRunner.TreeTest_POM@7fd50002]" name="click_TypesOfBinaryTrees" class="pom.pageFactory.testRunner.TreeTest_POM"/>
        <method signature="ArrayTest_POM.ArrayPage_PracticeQuestion4()[pri:18, instance:pom.pageFactory.testRunner.ArrayTest_POM@548a24a]" name="ArrayPage_PracticeQuestion4" class="pom.pageFactory.testRunner.ArrayTest_POM"/>
        <method signature="ArrayTest_POM.ArrayPage_DropDown_LL()[pri:19, instance:pom.pageFactory.testRunner.ArrayTest_POM@548a24a]" name="ArrayPage_DropDown_LL" class="pom.pageFactory.testRunner.ArrayTest_POM"/>
        <method signature="LinkedListTest_POM.deletion()[pri:19, instance:pom.pageFactory.testRunner.LinkedListTest_POM@433defed]" name="deletion" class="pom.pageFactory.testRunner.LinkedListTest_POM"/>
        <method signature="LinkedListTest_POM.insertion()[pri:19, instance:pom.pageFactory.testRunner.LinkedListTest_POM@433defed]" name="insertion" class="pom.pageFactory.testRunner.LinkedListTest_POM"/>
        <method signature="TreeTest_POM.click_ImpInPython()[pri:19, instance:pom.pageFactory.testRunner.TreeTest_POM@7fd50002]" name="click_ImpInPython" class="pom.pageFactory.testRunner.TreeTest_POM"/>
        <method signature="LinkedListTest_POM.LinkedList_PracticeQuestionsLink()[pri:21, instance:pom.pageFactory.testRunner.LinkedListTest_POM@433defed]" name="LinkedList_PracticeQuestionsLink" class="pom.pageFactory.testRunner.LinkedListTest_POM"/>
        <method signature="TreeTest_POM.click_BinaryTreeTravesals()[pri:21, instance:pom.pageFactory.testRunner.TreeTest_POM@7fd50002]" name="click_BinaryTreeTravesals" class="pom.pageFactory.testRunner.TreeTest_POM"/>
        <method signature="LinkedListTest_POM.LinkedList_DropDown_LL()[pri:23, instance:pom.pageFactory.testRunner.LinkedListTest_POM@433defed]" name="LinkedList_DropDown_LL" class="pom.pageFactory.testRunner.LinkedListTest_POM"/>
        <method signature="TreeTest_POM.click_ImpOfBinaryTrees()[pri:23, instance:pom.pageFactory.testRunner.TreeTest_POM@7fd50002]" name="click_ImpOfBinaryTrees" class="pom.pageFactory.testRunner.TreeTest_POM"/>
        <method signature="TreeTest_POM.click_AppOfBinaryTrees()[pri:25, instance:pom.pageFactory.testRunner.TreeTest_POM@7fd50002]" name="click_AppOfBinaryTrees" class="pom.pageFactory.testRunner.TreeTest_POM"/>
        <method signature="TreeTest_POM.click_BinarySearchTrees()[pri:27, instance:pom.pageFactory.testRunner.TreeTest_POM@7fd50002]" name="click_BinarySearchTrees" class="pom.pageFactory.testRunner.TreeTest_POM"/>
        <method signature="TreeTest_POM.click_ImpOfBST()[pri:29, instance:pom.pageFactory.testRunner.TreeTest_POM@7fd50002]" name="click_ImpOfBST" class="pom.pageFactory.testRunner.TreeTest_POM"/>
        <method signature="TreeTest_POM.tree_PracticeQuestionsLink()[pri:31, instance:pom.pageFactory.testRunner.TreeTest_POM@7fd50002]" name="tree_PracticeQuestionsLink" class="pom.pageFactory.testRunner.TreeTest_POM"/>
        <method signature="TreeTest_POM.tree_Dropdown()[pri:33, instance:pom.pageFactory.testRunner.TreeTest_POM@7fd50002]" name="tree_Dropdown" class="pom.pageFactory.testRunner.TreeTest_POM"/>
      </group> <!-- Smoke -->
    </groups>
    <test started-at="2023-05-17T10:22:45 IST" name="Test" finished-at="2023-05-17T10:28:23 IST" duration-ms="338365">
      <class name="pom.pageFactory.testRunner.RegistrationTest_POM">
        <test-method signature="OpenHomeURL()[pri:1, instance:pom.pageFactory.testRunner.RegistrationTest_POM@23e84203]" started-at="2023-05-17T10:22:45 IST" name="OpenHomeURL" finished-at="2023-05-17T10:22:50 IST" duration-ms="5527" status="PASS">
          <reporter-output>
          </reporter-output>
        </test-method> <!-- OpenHomeURL -->
        <test-method signature="LoadAppHome()[pri:2, instance:pom.pageFactory.testRunner.RegistrationTest_POM@23e84203]" started-at="2023-05-17T10:22:51 IST" name="LoadAppHome" finished-at="2023-05-17T10:22:53 IST" duration-ms="1926" status="PASS">
          <reporter-output>
          </reporter-output>
        </test-method> <!-- LoadAppHome -->
        <test-method signature="ClickGetStarted()[pri:3, instance:pom.pageFactory.testRunner.RegistrationTest_POM@23e84203]" started-at="2023-05-17T10:22:53 IST" name="ClickGetStarted" finished-at="2023-05-17T10:22:55 IST" duration-ms="2181" status="PASS">
          <reporter-output>
          </reporter-output>
        </test-method> <!-- ClickGetStarted -->
        <test-method signature="ClickRegisterLink()[pri:4, instance:pom.pageFactory.testRunner.RegistrationTest_POM@23e84203]" started-at="2023-05-17T10:22:55 IST" name="ClickRegisterLink" finished-at="2023-05-17T10:22:56 IST" duration-ms="1532" status="PASS">
          <reporter-output>
          </reporter-output>
        </test-method> <!-- ClickRegisterLink -->
        <test-method signature="registerUserNegativeTest()[pri:5, instance:pom.pageFactory.testRunner.RegistrationTest_POM@23e84203]" started-at="2023-05-17T10:22:56 IST" name="registerUserNegativeTest" finished-at="2023-05-17T10:23:00 IST" duration-ms="3783" status="PASS">
          <reporter-output>
          </reporter-output>
        </test-method> <!-- registerUserNegativeTest -->
        <test-method signature="registerUserPositiveTest()[pri:7, instance:pom.pageFactory.testRunner.RegistrationTest_POM@23e84203]" started-at="2023-05-17T10:23:00 IST" name="registerUserPositiveTest" finished-at="2023-05-17T10:23:03 IST" duration-ms="3124" status="PASS">
          <reporter-output>
          </reporter-output>
        </test-method> <!-- registerUserPositiveTest -->
        <test-method signature="ClickSignOutLink()[pri:9, instance:pom.pageFactory.testRunner.RegistrationTest_POM@23e84203]" started-at="2023-05-17T10:23:03 IST" name="ClickSignOutLink" finished-at="2023-05-17T10:23:05 IST" duration-ms="1665" status="PASS">
          <reporter-output>
          </reporter-output>
        </test-method> <!-- ClickSignOutLink -->
      </class> <!-- pom.pageFactory.testRunner.RegistrationTest_POM -->
      <class name="pom.pageFactory.testRunner.LinkedListTest_POM">
        <test-method signature="OpenHomeURL()[pri:1, instance:pom.pageFactory.testRunner.LinkedListTest_POM@433defed]" started-at="2023-05-17T10:24:37 IST" name="OpenHomeURL" finished-at="2023-05-17T10:24:37 IST" duration-ms="5" status="PASS">
          <reporter-output>
          </reporter-output>
        </test-method> <!-- OpenHomeURL -->
        <test-method signature="introduction()[pri:9, instance:pom.pageFactory.testRunner.LinkedListTest_POM@433defed]" started-at="2023-05-17T10:24:37 IST" name="introduction" finished-at="2023-05-17T10:24:43 IST" duration-ms="6653" status="PASS">
          <reporter-output>
          </reporter-output>
        </test-method> <!-- introduction -->
        <test-method signature="create_LinkedList()[pri:11, instance:pom.pageFactory.testRunner.LinkedListTest_POM@433defed]" started-at="2023-05-17T10:24:43 IST" name="create_LinkedList" finished-at="2023-05-17T10:24:50 IST" duration-ms="6305" status="PASS">
          <reporter-output>
          </reporter-output>
        </test-method> <!-- create_LinkedList -->
        <test-method signature="typeOfLinkedList()[pri:13, instance:pom.pageFactory.testRunner.LinkedListTest_POM@433defed]" started-at="2023-05-17T10:24:50 IST" name="typeOfLinkedList" finished-at="2023-05-17T10:24:57 IST" duration-ms="6789" status="PASS">
          <reporter-output>
          </reporter-output>
        </test-method> <!-- typeOfLinkedList -->
        <test-method signature="implementLLInPython()[pri:15, instance:pom.pageFactory.testRunner.LinkedListTest_POM@433defed]" started-at="2023-05-17T10:24:57 IST" name="implementLLInPython" finished-at="2023-05-17T10:25:03 IST" duration-ms="6383" status="PASS">
          <reporter-output>
          </reporter-output>
        </test-method> <!-- implementLLInPython -->
        <test-method signature="traversal()[pri:17, instance:pom.pageFactory.testRunner.LinkedListTest_POM@433defed]" started-at="2023-05-17T10:25:03 IST" name="traversal" finished-at="2023-05-17T10:25:09 IST" duration-ms="5912" status="PASS">
          <reporter-output>
          </reporter-output>
        </test-method> <!-- traversal -->
        <test-method signature="deletion()[pri:19, instance:pom.pageFactory.testRunner.LinkedListTest_POM@433defed]" started-at="2023-05-17T10:25:09 IST" name="deletion" finished-at="2023-05-17T10:25:16 IST" duration-ms="6665" status="PASS">
          <reporter-output>
          </reporter-output>
        </test-method> <!-- deletion -->
        <test-method signature="insertion()[pri:19, instance:pom.pageFactory.testRunner.LinkedListTest_POM@433defed]" started-at="2023-05-17T10:25:16 IST" name="insertion" finished-at="2023-05-17T10:25:23 IST" duration-ms="6976" status="PASS">
          <reporter-output>
          </reporter-output>
        </test-method> <!-- insertion -->
        <test-method signature="LinkedList_PracticeQuestionsLink()[pri:21, instance:pom.pageFactory.testRunner.LinkedListTest_POM@433defed]" started-at="2023-05-17T10:25:23 IST" name="LinkedList_PracticeQuestionsLink" finished-at="2023-05-17T10:25:24 IST" duration-ms="1466" status="PASS">
          <reporter-output>
          </reporter-output>
        </test-method> <!-- LinkedList_PracticeQuestionsLink -->
        <test-method signature="LinkedList_DropDown_LL()[pri:23, instance:pom.pageFactory.testRunner.LinkedListTest_POM@433defed]" started-at="2023-05-17T10:25:24 IST" name="LinkedList_DropDown_LL" finished-at="2023-05-17T10:25:26 IST" duration-ms="1794" status="PASS">
          <reporter-output>
          </reporter-output>
        </test-method> <!-- LinkedList_DropDown_LL -->
      </class> <!-- pom.pageFactory.testRunner.LinkedListTest_POM -->
      <class name="pom.pageFactory.testRunner.TreeTest_POM">
        <test-method signature="OpenHomeURL()[pri:1, instance:pom.pageFactory.testRunner.TreeTest_POM@7fd50002]" started-at="2023-05-17T10:26:20 IST" name="OpenHomeURL" finished-at="2023-05-17T10:26:20 IST" duration-ms="5" status="PASS">
          <reporter-output>
          </reporter-output>
        </test-method> <!-- OpenHomeURL -->
        <test-method signature="click_OverviewOfTrees()[pri:9, instance:pom.pageFactory.testRunner.TreeTest_POM@7fd50002]" started-at="2023-05-17T10:26:20 IST" name="click_OverviewOfTrees" finished-at="2023-05-17T10:26:27 IST" duration-ms="7543" status="PASS">
          <reporter-output>
          </reporter-output>
        </test-method> <!-- click_OverviewOfTrees -->
        <test-method signature="click_Terminolgies()[pri:11, instance:pom.pageFactory.testRunner.TreeTest_POM@7fd50002]" started-at="2023-05-17T10:26:27 IST" name="click_Terminolgies" finished-at="2023-05-17T10:26:35 IST" duration-ms="7217" status="PASS">
          <reporter-output>
          </reporter-output>
        </test-method> <!-- click_Terminolgies -->
        <test-method signature="click_TypesOfTrees()[pri:13, instance:pom.pageFactory.testRunner.TreeTest_POM@7fd50002]" started-at="2023-05-17T10:26:35 IST" name="click_TypesOfTrees" finished-at="2023-05-17T10:26:42 IST" duration-ms="7510" status="PASS">
          <reporter-output>
          </reporter-output>
        </test-method> <!-- click_TypesOfTrees -->
        <test-method signature="click_TreeTraversals()[pri:14, instance:pom.pageFactory.testRunner.TreeTest_POM@7fd50002]" started-at="2023-05-17T10:26:42 IST" name="click_TreeTraversals" finished-at="2023-05-17T10:26:50 IST" duration-ms="7413" status="PASS">
          <reporter-output>
          </reporter-output>
        </test-method> <!-- click_TreeTraversals -->
        <test-method signature="click_TraversalIllustration()[pri:15, instance:pom.pageFactory.testRunner.TreeTest_POM@7fd50002]" started-at="2023-05-17T10:26:50 IST" name="click_TraversalIllustration" finished-at="2023-05-17T10:26:57 IST" duration-ms="7304" status="PASS">
          <reporter-output>
          </reporter-output>
        </test-method> <!-- click_TraversalIllustration -->
        <test-method signature="click_TypesOfBinaryTrees()[pri:17, instance:pom.pageFactory.testRunner.TreeTest_POM@7fd50002]" started-at="2023-05-17T10:26:57 IST" name="click_TypesOfBinaryTrees" finished-at="2023-05-17T10:27:05 IST" duration-ms="7915" status="PASS">
          <reporter-output>
          </reporter-output>
        </test-method> <!-- click_TypesOfBinaryTrees -->
        <test-method signature="click_ImpInPython()[pri:19, instance:pom.pageFactory.testRunner.TreeTest_POM@7fd50002]" started-at="2023-05-17T10:27:05 IST" name="click_ImpInPython" finished-at="2023-05-17T10:27:13 IST" duration-ms="7949" status="PASS">
          <reporter-output>
          </reporter-output>
        </test-method> <!-- click_ImpInPython -->
        <test-method signature="click_BinaryTreeTravesals()[pri:21, instance:pom.pageFactory.testRunner.TreeTest_POM@7fd50002]" started-at="2023-05-17T10:27:13 IST" name="click_BinaryTreeTravesals" finished-at="2023-05-17T10:27:20 IST" duration-ms="7741" status="PASS">
          <reporter-output>
          </reporter-output>
        </test-method> <!-- click_BinaryTreeTravesals -->
        <test-method signature="click_ImpOfBinaryTrees()[pri:23, instance:pom.pageFactory.testRunner.TreeTest_POM@7fd50002]" started-at="2023-05-17T10:27:20 IST" name="click_ImpOfBinaryTrees" finished-at="2023-05-17T10:27:27 IST" duration-ms="6891" status="PASS">
          <reporter-output>
          </reporter-output>
        </test-method> <!-- click_ImpOfBinaryTrees -->
        <test-method signature="click_AppOfBinaryTrees()[pri:25, instance:pom.pageFactory.testRunner.TreeTest_POM@7fd50002]" started-at="2023-05-17T10:27:27 IST" name="click_AppOfBinaryTrees" finished-at="2023-05-17T10:27:34 IST" duration-ms="7109" status="PASS">
          <reporter-output>
          </reporter-output>
        </test-method> <!-- click_AppOfBinaryTrees -->
        <test-method signature="click_BinarySearchTrees()[pri:27, instance:pom.pageFactory.testRunner.TreeTest_POM@7fd50002]" started-at="2023-05-17T10:27:35 IST" name="click_BinarySearchTrees" finished-at="2023-05-17T10:27:42 IST" duration-ms="7361" status="PASS">
          <reporter-output>
          </reporter-output>
        </test-method> <!-- click_BinarySearchTrees -->
        <test-method signature="click_ImpOfBST()[pri:29, instance:pom.pageFactory.testRunner.TreeTest_POM@7fd50002]" started-at="2023-05-17T10:27:42 IST" name="click_ImpOfBST" finished-at="2023-05-17T10:27:51 IST" duration-ms="9433" status="PASS">
          <reporter-output>
          </reporter-output>
        </test-method> <!-- click_ImpOfBST -->
        <test-method signature="tree_PracticeQuestionsLink()[pri:31, instance:pom.pageFactory.testRunner.TreeTest_POM@7fd50002]" started-at="2023-05-17T10:27:51 IST" name="tree_PracticeQuestionsLink" finished-at="2023-05-17T10:27:54 IST" duration-ms="2381" status="PASS">
          <reporter-output>
          </reporter-output>
        </test-method> <!-- tree_PracticeQuestionsLink -->
        <test-method signature="tree_Dropdown()[pri:33, instance:pom.pageFactory.testRunner.TreeTest_POM@7fd50002]" started-at="2023-05-17T10:27:54 IST" name="tree_Dropdown" finished-at="2023-05-17T10:27:56 IST" duration-ms="1811" status="PASS">
          <reporter-output>
          </reporter-output>
        </test-method> <!-- tree_Dropdown -->
      </class> <!-- pom.pageFactory.testRunner.TreeTest_POM -->
      <class name="pom.pageFactory.testRunner.StackTest_POM">
        <test-method signature="OpenHomeURL()[pri:1, instance:pom.pageFactory.testRunner.StackTest_POM@2a693f59]" started-at="2023-05-17T10:25:26 IST" name="OpenHomeURL" finished-at="2023-05-17T10:25:26 IST" duration-ms="4" status="PASS">
          <reporter-output>
          </reporter-output>
        </test-method> <!-- OpenHomeURL -->
        <test-method signature="operations_in_stack()[pri:9, instance:pom.pageFactory.testRunner.StackTest_POM@2a693f59]" started-at="2023-05-17T10:25:26 IST" name="operations_in_stack" finished-at="2023-05-17T10:25:32 IST" duration-ms="6158" status="PASS">
          <reporter-output>
          </reporter-output>
        </test-method> <!-- operations_in_stack -->
        <test-method signature="implementation_stack()[pri:11, instance:pom.pageFactory.testRunner.StackTest_POM@2a693f59]" started-at="2023-05-17T10:25:32 IST" name="implementation_stack" finished-at="2023-05-17T10:25:37 IST" duration-ms="5520" status="PASS">
          <reporter-output>
          </reporter-output>
        </test-method> <!-- implementation_stack -->
        <test-method signature="application_stack()[pri:13, instance:pom.pageFactory.testRunner.StackTest_POM@2a693f59]" started-at="2023-05-17T10:25:38 IST" name="application_stack" finished-at="2023-05-17T10:25:43 IST" duration-ms="5603" status="PASS">
          <reporter-output>
          </reporter-output>
        </test-method> <!-- application_stack -->
        <test-method signature="stack_PracticeQuestionsLink()[pri:15, instance:pom.pageFactory.testRunner.StackTest_POM@2a693f59]" started-at="2023-05-17T10:25:43 IST" name="stack_PracticeQuestionsLink" finished-at="2023-05-17T10:25:45 IST" duration-ms="1403" status="PASS">
          <reporter-output>
          </reporter-output>
        </test-method> <!-- stack_PracticeQuestionsLink -->
        <test-method signature="stack_DropDown()[pri:17, instance:pom.pageFactory.testRunner.StackTest_POM@2a693f59]" started-at="2023-05-17T10:25:45 IST" name="stack_DropDown" finished-at="2023-05-17T10:25:46 IST" duration-ms="1759" status="PASS">
          <reporter-output>
          </reporter-output>
        </test-method> <!-- stack_DropDown -->
      </class> <!-- pom.pageFactory.testRunner.StackTest_POM -->
      <class name="pom.pageFactory.testRunner.ArrayTest_POM">
        <test-method signature="OpenHomeURL()[pri:1, instance:pom.pageFactory.testRunner.ArrayTest_POM@548a24a]" started-at="2023-05-17T10:23:27 IST" name="OpenHomeURL" finished-at="2023-05-17T10:23:27 IST" duration-ms="12" status="PASS">
          <reporter-output>
          </reporter-output>
        </test-method> <!-- OpenHomeURL -->
        <test-method signature="ArrayPage_WrongInput()[pri:9, instance:pom.pageFactory.testRunner.ArrayTest_POM@548a24a]" started-at="2023-05-17T10:23:27 IST" name="ArrayPage_WrongInput" finished-at="2023-05-17T10:23:37 IST" duration-ms="9116" status="PASS">
          <reporter-output>
          </reporter-output>
        </test-method> <!-- ArrayPage_WrongInput -->
        <test-method signature="ArrayPage_ArraysInPython()[pri:10, instance:pom.pageFactory.testRunner.ArrayTest_POM@548a24a]" started-at="2023-05-17T10:23:37 IST" name="ArrayPage_ArraysInPython" finished-at="2023-05-17T10:23:41 IST" duration-ms="4267" status="PASS">
          <reporter-output>
          </reporter-output>
        </test-method> <!-- ArrayPage_ArraysInPython -->
        <test-method signature="ArrayPage_ArraysUsingList()[pri:11, instance:pom.pageFactory.testRunner.ArrayTest_POM@548a24a]" started-at="2023-05-17T10:23:41 IST" name="ArrayPage_ArraysUsingList" finished-at="2023-05-17T10:23:49 IST" duration-ms="7933" status="PASS">
          <reporter-output>
          </reporter-output>
        </test-method> <!-- ArrayPage_ArraysUsingList -->
        <test-method signature="ArrayPage_BasicOperations()[pri:12, instance:pom.pageFactory.testRunner.ArrayTest_POM@548a24a]" started-at="2023-05-17T10:23:49 IST" name="ArrayPage_BasicOperations" finished-at="2023-05-17T10:23:57 IST" duration-ms="7830" status="PASS">
          <reporter-output>
          </reporter-output>
        </test-method> <!-- ArrayPage_BasicOperations -->
        <test-method signature="ArrayPage_ApplicationsOfArrays()[pri:13, instance:pom.pageFactory.testRunner.ArrayTest_POM@548a24a]" started-at="2023-05-17T10:23:57 IST" name="ArrayPage_ApplicationsOfArrays" finished-at="2023-05-17T10:24:05 IST" duration-ms="7899" status="PASS">
          <reporter-output>
          </reporter-output>
        </test-method> <!-- ArrayPage_ApplicationsOfArrays -->
        <test-method signature="ArrayPage_PracticeQuestionsLink()[pri:14, instance:pom.pageFactory.testRunner.ArrayTest_POM@548a24a]" started-at="2023-05-17T10:24:05 IST" name="ArrayPage_PracticeQuestionsLink" finished-at="2023-05-17T10:24:06 IST" duration-ms="1415" status="PASS">
          <reporter-output>
          </reporter-output>
        </test-method> <!-- ArrayPage_PracticeQuestionsLink -->
        <test-method signature="ArrayPage_PracticeQuestion1()[pri:15, instance:pom.pageFactory.testRunner.ArrayTest_POM@548a24a]" started-at="2023-05-17T10:24:06 IST" name="ArrayPage_PracticeQuestion1" finished-at="2023-05-17T10:24:13 IST" duration-ms="7269" status="PASS">
          <reporter-output>
          </reporter-output>
        </test-method> <!-- ArrayPage_PracticeQuestion1 -->
        <test-method signature="ArrayPage_PracticeQuestion2()[pri:16, instance:pom.pageFactory.testRunner.ArrayTest_POM@548a24a]" started-at="2023-05-17T10:24:13 IST" name="ArrayPage_PracticeQuestion2" finished-at="2023-05-17T10:24:20 IST" duration-ms="6931" status="PASS">
          <reporter-output>
          </reporter-output>
        </test-method> <!-- ArrayPage_PracticeQuestion2 -->
        <test-method signature="ArrayPage_PracticeQuestion3()[pri:17, instance:pom.pageFactory.testRunner.ArrayTest_POM@548a24a]" started-at="2023-05-17T10:24:20 IST" name="ArrayPage_PracticeQuestion3" finished-at="2023-05-17T10:24:27 IST" duration-ms="6986" status="PASS">
          <reporter-output>
          </reporter-output>
        </test-method> <!-- ArrayPage_PracticeQuestion3 -->
        <test-method signature="ArrayPage_PracticeQuestion4()[pri:18, instance:pom.pageFactory.testRunner.ArrayTest_POM@548a24a]" started-at="2023-05-17T10:24:27 IST" name="ArrayPage_PracticeQuestion4" finished-at="2023-05-17T10:24:34 IST" duration-ms="7218" status="PASS">
          <reporter-output>
          </reporter-output>
        </test-method> <!-- ArrayPage_PracticeQuestion4 -->
        <test-method signature="ArrayPage_DropDown_LL()[pri:19, instance:pom.pageFactory.testRunner.ArrayTest_POM@548a24a]" started-at="2023-05-17T10:24:34 IST" name="ArrayPage_DropDown_LL" finished-at="2023-05-17T10:24:37 IST" duration-ms="2451" status="PASS">
          <reporter-output>
          </reporter-output>
        </test-method> <!-- ArrayPage_DropDown_LL -->
      </class> <!-- pom.pageFactory.testRunner.ArrayTest_POM -->
      <class name="pom.pageFactory.testRunner.DataStructureTest_POM">
        <test-method signature="OpenHomeURL()[pri:1, instance:pom.pageFactory.testRunner.DataStructureTest_POM@1040be71]" started-at="2023-05-17T10:23:11 IST" name="OpenHomeURL" finished-at="2023-05-17T10:23:11 IST" duration-ms="8" status="PASS">
          <reporter-output>
          </reporter-output>
        </test-method> <!-- OpenHomeURL -->
        <test-method signature="ClickDSLinkOnHomePage()[pri:7, instance:pom.pageFactory.testRunner.DataStructureTest_POM@1040be71]" started-at="2023-05-17T10:23:11 IST" name="ClickDSLinkOnHomePage" finished-at="2023-05-17T10:23:12 IST" duration-ms="779" status="PASS">
          <reporter-output>
          </reporter-output>
        </test-method> <!-- ClickDSLinkOnHomePage -->
        <test-method signature="DataStructureSmokeTest_TimeComplexity()[pri:8, instance:pom.pageFactory.testRunner.DataStructureTest_POM@1040be71]" started-at="2023-05-17T10:23:12 IST" name="DataStructureSmokeTest_TimeComplexity" finished-at="2023-05-17T10:23:22 IST" duration-ms="9747" status="PASS">
          <reporter-output>
          </reporter-output>
        </test-method> <!-- DataStructureSmokeTest_TimeComplexity -->
        <test-method signature="DataStructureSmokeTest_PracticeQuestion()[pri:9, instance:pom.pageFactory.testRunner.DataStructureTest_POM@1040be71]" started-at="2023-05-17T10:23:22 IST" name="DataStructureSmokeTest_PracticeQuestion" finished-at="2023-05-17T10:23:23 IST" duration-ms="1436" status="PASS">
          <reporter-output>
          </reporter-output>
        </test-method> <!-- DataStructureSmokeTest_PracticeQuestion -->
        <test-method signature="DataStructureSmokeTest_Dropdown()[pri:10, instance:pom.pageFactory.testRunner.DataStructureTest_POM@1040be71]" started-at="2023-05-17T10:23:23 IST" name="DataStructureSmokeTest_Dropdown" finished-at="2023-05-17T10:23:27 IST" duration-ms="4343" status="PASS">
          <reporter-output>
          </reporter-output>
        </test-method> <!-- DataStructureSmokeTest_Dropdown -->
      </class> <!-- pom.pageFactory.testRunner.DataStructureTest_POM -->
      <class name="pom.pageFactory.testRunner.GraphTest_POM">
        <test-method signature="instantiateDriver()[pri:1, instance:pom.pageFactory.testRunner.GraphTest_POM@533bda92]" started-at="2023-05-17T10:27:56 IST" name="instantiateDriver" finished-at="2023-05-17T10:27:56 IST" duration-ms="6" status="PASS">
          <reporter-output>
          </reporter-output>
        </test-method> <!-- instantiateDriver -->
        <test-method signature="click_graphLink_wrongText()[pri:9, instance:pom.pageFactory.testRunner.GraphTest_POM@533bda92]" started-at="2023-05-17T10:27:56 IST" name="click_graphLink_wrongText" finished-at="2023-05-17T10:28:04 IST" duration-ms="8168" status="PASS">
          <reporter-output>
          </reporter-output>
        </test-method> <!-- click_graphLink_wrongText -->
        <test-method signature="click_graph_link()[pri:9, instance:pom.pageFactory.testRunner.GraphTest_POM@533bda92]" started-at="2023-05-17T10:28:04 IST" name="click_graph_link" finished-at="2023-05-17T10:28:11 IST" duration-ms="7530" status="PASS">
          <reporter-output>
          </reporter-output>
        </test-method> <!-- click_graph_link -->
        <test-method signature="click_graph_representation()[pri:11, instance:pom.pageFactory.testRunner.GraphTest_POM@533bda92]" started-at="2023-05-17T10:28:11 IST" name="click_graph_representation" finished-at="2023-05-17T10:28:20 IST" duration-ms="8428" status="PASS">
          <reporter-output>
          </reporter-output>
        </test-method> <!-- click_graph_representation -->
        <test-method signature="click_graph_practice_questions()[pri:13, instance:pom.pageFactory.testRunner.GraphTest_POM@533bda92]" started-at="2023-05-17T10:28:20 IST" name="click_graph_practice_questions" finished-at="2023-05-17T10:28:21 IST" duration-ms="1488" status="PASS">
          <reporter-output>
          </reporter-output>
        </test-method> <!-- click_graph_practice_questions -->
        <test-method signature="graphPage_ClickSignOut()[pri:15, instance:pom.pageFactory.testRunner.GraphTest_POM@533bda92]" started-at="2023-05-17T10:28:21 IST" name="graphPage_ClickSignOut" finished-at="2023-05-17T10:28:23 IST" duration-ms="1621" status="PASS">
          <reporter-output>
          </reporter-output>
        </test-method> <!-- graphPage_ClickSignOut -->
        <test-method signature="closeDriver()[pri:17, instance:pom.pageFactory.testRunner.GraphTest_POM@533bda92]" started-at="2023-05-17T10:28:23 IST" name="closeDriver" finished-at="2023-05-17T10:28:23 IST" duration-ms="445" status="PASS">
          <reporter-output>
          </reporter-output>
        </test-method> <!-- closeDriver -->
      </class> <!-- pom.pageFactory.testRunner.GraphTest_POM -->
      <class name="pom.pageFactory.testRunner.LoginTest_POM">
        <test-method signature="OpenHomeURL()[pri:1, instance:pom.pageFactory.testRunner.LoginTest_POM@6f10d5b6]" started-at="2023-05-17T10:23:05 IST" name="OpenHomeURL" finished-at="2023-05-17T10:23:05 IST" duration-ms="7" status="PASS">
          <reporter-output>
          </reporter-output>
        </test-method> <!-- OpenHomeURL -->
        <test-method signature="ClickSignInLink()[pri:4, instance:pom.pageFactory.testRunner.LoginTest_POM@6f10d5b6]" started-at="2023-05-17T10:23:05 IST" name="ClickSignInLink" finished-at="2023-05-17T10:23:06 IST" duration-ms="1423" status="PASS">
          <reporter-output>
          </reporter-output>
        </test-method> <!-- ClickSignInLink -->
        <test-method signature="LoginNegativeTest()[pri:5, instance:pom.pageFactory.testRunner.LoginTest_POM@6f10d5b6]" started-at="2023-05-17T10:23:06 IST" name="LoginNegativeTest" finished-at="2023-05-17T10:23:09 IST" duration-ms="2697" status="PASS">
          <reporter-output>
          </reporter-output>
        </test-method> <!-- LoginNegativeTest -->
        <test-method signature="UserPositiveTest()[pri:6, instance:pom.pageFactory.testRunner.LoginTest_POM@6f10d5b6]" started-at="2023-05-17T10:23:09 IST" name="UserPositiveTest" finished-at="2023-05-17T10:23:11 IST" duration-ms="1987" status="PASS">
          <reporter-output>
          </reporter-output>
        </test-method> <!-- UserPositiveTest -->
      </class> <!-- pom.pageFactory.testRunner.LoginTest_POM -->
      <class name="pom.pageFactory.testRunner.QueueTest_POM">
        <test-method signature="OpenHomeURL()[pri:1, instance:pom.pageFactory.testRunner.QueueTest_POM@3f4faf53]" started-at="2023-05-17T10:25:46 IST" name="OpenHomeURL" finished-at="2023-05-17T10:25:46 IST" duration-ms="4" status="PASS">
          <reporter-output>
          </reporter-output>
        </test-method> <!-- OpenHomeURL -->
        <test-method signature="clickImplementationQueue()[pri:9, instance:pom.pageFactory.testRunner.QueueTest_POM@3f4faf53]" started-at="2023-05-17T10:25:46 IST" name="clickImplementationQueue" finished-at="2023-05-17T10:25:55 IST" duration-ms="8247" status="PASS">
          <reporter-output>
          </reporter-output>
        </test-method> <!-- clickImplementationQueue -->
        <test-method signature="clickImplementationCollections()[pri:11, instance:pom.pageFactory.testRunner.QueueTest_POM@3f4faf53]" started-at="2023-05-17T10:25:55 IST" name="clickImplementationCollections" finished-at="2023-05-17T10:26:01 IST" duration-ms="6753" status="PASS">
          <reporter-output>
          </reporter-output>
        </test-method> <!-- clickImplementationCollections -->
        <test-method signature="clickImplementationArray()[pri:13, instance:pom.pageFactory.testRunner.QueueTest_POM@3f4faf53]" started-at="2023-05-17T10:26:01 IST" name="clickImplementationArray" finished-at="2023-05-17T10:26:09 IST" duration-ms="7334" status="PASS">
          <reporter-output>
          </reporter-output>
        </test-method> <!-- clickImplementationArray -->
        <test-method signature="clickQueueOperations()[pri:15, instance:pom.pageFactory.testRunner.QueueTest_POM@3f4faf53]" started-at="2023-05-17T10:26:09 IST" name="clickQueueOperations" finished-at="2023-05-17T10:26:15 IST" duration-ms="6719" status="PASS">
          <reporter-output>
          </reporter-output>
        </test-method> <!-- clickQueueOperations -->
        <test-method signature="queue_PracticeQuestionsLink()[pri:16, instance:pom.pageFactory.testRunner.QueueTest_POM@3f4faf53]" started-at="2023-05-17T10:26:15 IST" name="queue_PracticeQuestionsLink" finished-at="2023-05-17T10:26:18 IST" duration-ms="2382" status="PASS">
          <reporter-output>
          </reporter-output>
        </test-method> <!-- queue_PracticeQuestionsLink -->
        <test-method signature="queue_Dropdown()[pri:17, instance:pom.pageFactory.testRunner.QueueTest_POM@3f4faf53]" started-at="2023-05-17T10:26:18 IST" name="queue_Dropdown" finished-at="2023-05-17T10:26:20 IST" duration-ms="2107" status="PASS">
          <reporter-output>
          </reporter-output>
        </test-method> <!-- queue_Dropdown -->
      </class> <!-- pom.pageFactory.testRunner.QueueTest_POM -->
    </test> <!-- Test -->
  </suite> <!-- Suite -->
</testng-results>
