<?xml version="1.0" encoding="UTF-8"?>
<!-- Generated by org.testng.reporters.JUnitXMLReporter -->
<testsuite ignored="0" hostname="Preet-PC" failures="0" tests="2" name="Default test" time="17.398" errors="0" timestamp="2023-05-20T16:23:29 IST">
  <testcase classname="pom.driverFactory.pageFactory.testRunner.LoginTest_POM" name="LoginNegativeTest" time="3.719"/>
  <testcase classname="pom.driverFactory.pageFactory.testRunner.LoginTest_POM" name="UserPositiveTest" time="2.556"/>
</testsuite> <!-- Default test -->
